XTMQYTO
XTMMYTF
XTMMYTF
XRCLYRK
XSLMYTO
XSCMYNK
XSAQYTC
XSMRYTC
XTCLYTJ
XTMMYNH
XTMMYNJ
XSCLYNH
XTMLYTH
XSLMYNH
XTMMYTH
XTMLYTK
XTMMYNF
XRLMYWF
XSMMYTO
XTMLYTF
XTAMYNH
WTLEXNH
XTLQYTJ
XTEMYTO
XSCLYTK
YRLMYTO
WNKMYTO
WTLQYTC
XTCMYTO
XTCEYUO
XTLLYNH
XTMMYTK
XTLMYTF
XTECYTO
XTLQYTL
XSMMYTF
XSLMYTJ
XRCMYTF
XSLMYTC
XRLRYVC
XSMMYTK
XNILYNH
XSMMYNF
XSLMYNI
XSLQYTF
XTJMYTO
XNIMYTF
XTLMYTJ
XTMQYTC
XRLQYVA
XTLQYTD
XNKQYNJ
XTLMYTC
XRJMYNH
XSQMYTF
XTLAYNK
XTCQXTJ
XTLMYSJ
XTLLYNH
XRLMYTF
XSMMYTO
XSLQYTL
XSMQYTO
XSAMYNK
XRCMYVO
XSMMYTK
XRLQYTL
XRIMYTC
XRKQYNF
XTAMYNH
YSAMYTC
YRJQPTL
XTMQYVD
XRLQYTJ
XRLQYTF
XTCCYNH
XSCMYTJ
XSLMYVC
XTLQYVC
XRJQYTL
XTCMYTC
YTCQXWJ
XSLQYTC
XRJMYNF
XSMMYNH
YSLMYTF
XTLMYTJ
XSMQYNK
XQCMYNH
XQLQYVO
NEIMYNK
TQMRYND
XQDQYNH
XQMQYNH
XQMMYWF
XTAMYTK
WTMMYTO
XSMQYTL
XRAMYTF
XSLMYNK
XSLMYNK
