XWDHYRF
XTBFXTF
WWDHYTO
XTDHYTF
XWDHYSF
XWDHXRC
XNDHYSO
XWDHYSF
XNDHYTF
XNBHXTF
UWDHYRH
XNDHYTO
XTBHYRK
UUEGXVO
WTBHXNH
WWDHYRK
WWEIYTF
WNBHYRF
XWEGXUC
XNGHYRK
XTDKYRK
WNBIXTJ
XWCHXRJ
XNDHXTC
WNDHYTF
XWEIXVO
XNBHYSO
XTDKYRK
XNBIYRH
XNBHYSJ
XNCHYSF
UNBIXVF
XNBHXVC
WREHYTF
XTQGYTF
XSCMYNH
YSLQYTL
XRIQXNK
XNJQXNJ
XRJQYVO
XTMQYTO
XTALYTH
XSLMYTK
YSLMYTO
XSMQYVL
XTMQYTF
XTCMYNH
XTLLYNH
WSMMYTF
XTCMYNH
XTCMYNK
XSLMYTJ
XRJQYTJ
XTLQYTL
XSLMYTO
XSLQYNK
XSMMYNH
XTCMYNK
XTLMYNH
WSMQYWF
XTFCYNH
XSMQYTF
XSCMYTF
XSLMYNH
XTLMYTO
XTLMYTO
XSLMYTO
XRLQYTC
XTLQYTC
XRLQXWJ
XRIQPTC
XTMLYTH
WTJMYTO
XRJQYTC
XRLQYTC
XRJQYVC
XRJQYTJ
XTLMYTO
XTMQYTF
XRJRYTJ
YRCMYTC
YSLQYTL
XTMQYVC
XTLQYTJ
XRCLYNH
XTMRYVC
XSLMYNK
XSMMYTF
XTMQXVC
YRCLYTF
XRMMYTF
XTLMYTF
WRLQYTC
XTMLYNK
XRCMYTJ
XTLQYTO
XTMLYNH
XTLQYVO
XRGMYVF
XTMQXNK
WNAQYUM
