NLLSYTL
QRMSYTL
AJLSYRC
DMMSYTM
RMMRYVC
DLMSYTM
QMMSYVL
MMMSYTL
QMMSYRI
AMMSYTL
DMMSYSC
EMMSYSC
MMMSYTL
MQMSYTL
MMQSYSL
AMMRYTL
MMMSYRJ
DRMSYSJ
MMMSYTL
QMMSYSL
QMMSYTL
DLMRYVM
EQMSYVL
MQMSYTL
EJOSPTL
DFPNXTL
DJOTPSL
EJOTYSM
QIPNKSL
EJPNKRJ
IJOTYRL
DJPNYRL
EKPTYQJ
DKFTPSC
ELMSYTL
MQMRYTC
QLLSYTL
CFPSPRF
EKPNYSD
ECFSPSL
ACCSYSL
MMMSYTC
ELMSYRL
QMMSYTM
MMQSYRC
MLCSYTJ
MQAQYWI
QEIMYNH
FLOSPTC
RMMMYNI
LMLQPTF
QALSPTC
IAMRKTF
QJLRYTC
MQGQYWJ
MMLMYNH
MMLQYNF
QELQYNK
MLLSYWF
QMLMYNH
MEGRYVL
QEIMYNH
MMCMYTF
EMLQPTF
QQCMYWK
CMMMYNF
MEGQYNJ
MMMQYVF
MMCQYNF
QQMQYNI
MEIMYNH
QADMYNI
QEJQPVJ
MMCMYVL
MSMMYTK
MMMSYTO
MEDQYNF
QMLMYTC
MMAMYNI
MQGMYTC
SEJQYNK
QMLQYNJ
LEJQYTJ
QBJQYNH
QMLQYTF
QQIMYWF
MQAMYTD
QEIMYNH
CEGMYNI
RMLQYNF
MMCQYWJ
QMLQYNH
MEKMYWK
CMMMYNI
TQMQYTJ
EEGMYNI
MECMYNH
QQMQYTF
MEIMYNH
QEAMYWF
QEJMYNH
