Time:      0.000	RMSD(LF):   0.174	encoding: UWUUUUU
Time:      2.000	RMSD(LF):   0.148	encoding: XUUUUWV
Time:      4.000	RMSD(LF):   0.206	encoding: XUUWUUW
Time:      6.000	RMSD(LF):   0.171	encoding: WUUUVUW
Time:      8.000	RMSD(LF):   0.147	encoding: WUUUUWW
Time:     10.000	RMSD(LF):   0.152	encoding: XUUUUVW
Time:     12.000	RMSD(LF):   0.221	encoding: WUUWVUW
Time:     14.000	RMSD(LF):   0.135	encoding: UUUUUUW
Time:     16.000	RMSD(LF):   0.186	encoding: WUUUUVW
Time:     18.000	RMSD(LF):   0.183	encoding: XUUVVWV
Time:     20.000	RMSD(LF):   0.138	encoding: UUUUUWU
Time:     22.000	RMSD(LF):   0.121	encoding: XUUUUUW
Time:     24.000	RMSD(LF):   0.131	encoding: XUUUUUU
Time:     26.000	RMSD(LF):   0.143	encoding: WUUUUUV
Time:     28.000	RMSD(LF):   0.170	encoding: XUUUUVU
Time:     30.000	RMSD(LF):   0.147	encoding: XVUUUUU
Time:     32.000	RMSD(LF):   0.207	encoding: WUUUUUV
Time:     34.000	RMSD(LF):   0.166	encoding: UUUUUUV
Time:     36.000	RMSD(LF):   0.138	encoding: UUUUUUV
Time:     38.000	RMSD(LF):   0.185	encoding: UUUUUUW
Time:     40.000	RMSD(LF):   0.128	encoding: UUUUUUT
Time:     42.000	RMSD(LF):   0.182	encoding: VWUUUUT
Time:     44.000	RMSD(LF):   0.239	encoding: WWUUUUT
Time:     46.000	RMSD(LF):   0.260	encoding: WUUUUUT
Time:     48.000	RMSD(LF):   0.214	encoding: WUUUUWN
Time:     50.000	RMSD(LF):   0.186	encoding: WUUUUWN
Time:     52.000	RMSD(LF):   0.152	encoding: UUUUUUN
Time:     54.000	RMSD(LF):   0.215	encoding: UUUUUWN
Time:     56.000	RMSD(LF):   0.203	encoding: UUUUUWN
Time:     58.000	RMSD(LF):   0.205	encoding: UUVUUWW
Time:     60.000	RMSD(LF):   0.174	encoding: UUUVWWW
Time:     62.000	RMSD(LF):   0.160	encoding: UUUUUUV
Time:     64.000	RMSD(LF):   0.126	encoding: UUUUUUW
Time:     66.000	RMSD(LF):   0.202	encoding: UUUUUWN
Time:     68.000	RMSD(LF):   0.118	encoding: WUUUUUU
Time:     70.000	RMSD(LF):   0.157	encoding: VUUUUWW
Time:     72.000	RMSD(LF):   0.215	encoding: UVUUUVN
Time:     74.000	RMSD(LF):   0.208	encoding: UUUWUUW
Time:     76.000	RMSD(LF):   0.229	encoding: VWUUUUN
Time:     78.000	RMSD(LF):   0.197	encoding: XUUUUWN
Time:     80.000	RMSD(LF):   0.145	encoding: WUUUUWN
Time:     82.000	RMSD(LF):   0.157	encoding: UUUUVWN
Time:     84.000	RMSD(LF):   0.177	encoding: XUUUUWN
Time:     86.000	RMSD(LF):   0.226	encoding: XVUUUWX
Time:     88.000	RMSD(LF):   0.220	encoding: WUUUUUN
Time:     90.000	RMSD(LF):   0.225	encoding: UUUUVUN
Time:     92.000	RMSD(LF):   0.196	encoding: WUUUUWN
Time:     94.000	RMSD(LF):   0.186	encoding: UUUVWWN
Time:     96.000	RMSD(LF):   0.224	encoding: XUUVVWX
Time:     98.000	RMSD(LF):   0.165	encoding: WUUUUUN
Time:    100.000	RMSD(LF):   0.213	encoding: XVWVVWV
Time:    102.000	RMSD(LF):   0.127	encoding: XUUUUWW
Time:    104.000	RMSD(LF):   0.168	encoding: UUUUUWN
Time:    106.000	RMSD(LF):   0.183	encoding: XWUUUUN
Time:    108.000	RMSD(LF):   0.178	encoding: XUUUUWN
Time:    110.000	RMSD(LF):   0.174	encoding: WUUUUWN
Time:    112.000	RMSD(LF):   0.261	encoding: WUUUUWN
Time:    114.000	RMSD(LF):   0.210	encoding: UUWVUWN
Time:    116.000	RMSD(LF):   0.199	encoding: UUUUTWN
Time:    118.000	RMSD(LF):   0.178	encoding: WUUUVWN
Time:    120.000	RMSD(LF):   0.159	encoding: XUUUUUN
Time:    122.000	RMSD(LF):   0.148	encoding: XUUUWVW
Time:    124.000	RMSD(LF):   0.158	encoding: UUUUUUN
Time:    126.000	RMSD(LF):   0.137	encoding: XUUUUUN
Time:    128.000	RMSD(LF):   0.156	encoding: XUUUUUN
Time:    130.000	RMSD(LF):   0.171	encoding: VUUUUWN
Time:    132.000	RMSD(LF):   0.197	encoding: VWUUUUN
Time:    134.000	RMSD(LF):   0.235	encoding: VUUUVWN
Time:    136.000	RMSD(LF):   0.169	encoding: VUVUUUN
Time:    138.000	RMSD(LF):   0.151	encoding: VUUUUUN
Time:    140.000	RMSD(LF):   0.208	encoding: VUUUUWN
Time:    142.000	RMSD(LF):   0.218	encoding: UUUUUWN
Time:    144.000	RMSD(LF):   0.206	encoding: VVUUUWN
Time:    146.000	RMSD(LF):   0.210	encoding: UVUUUUN
Time:    148.000	RMSD(LF):   0.191	encoding: UUUUUWN
Time:    150.000	RMSD(LF):   0.219	encoding: XUUUUWN
Time:    152.000	RMSD(LF):   0.229	encoding: VUUUVWN
Time:    154.000	RMSD(LF):   0.201	encoding: VWVUVWN
Time:    156.000	RMSD(LF):   0.196	encoding: VUUUUWN
Time:    158.000	RMSD(LF):   0.194	encoding: UUUUUUN
Time:    160.000	RMSD(LF):   0.209	encoding: UUUUWWN
Time:    162.000	RMSD(LF):   0.151	encoding: UUUUUUN
Time:    164.000	RMSD(LF):   0.236	encoding: VUWVUWN
Time:    166.000	RMSD(LF):   0.174	encoding: VUUUUWN
Time:    168.000	RMSD(LF):   0.242	encoding: VUUWUWN
Time:    170.000	RMSD(LF):   0.170	encoding: VUUUUWN
Time:    172.000	RMSD(LF):   0.173	encoding: XUUUUWN
Time:    174.000	RMSD(LF):   0.179	encoding: XVUUVWN
Time:    176.000	RMSD(LF):   0.215	encoding: XUUUUWX
Time:    178.000	RMSD(LF):   0.214	encoding: XUUUVUN
Time:    180.000	RMSD(LF):   0.222	encoding: XUUUVWN
Time:    182.000	RMSD(LF):   0.252	encoding: XVWVVWT
Time:    184.000	RMSD(LF):   0.165	encoding: XUUUUWN
Time:    186.000	RMSD(LF):   0.186	encoding: XUUUUWN
Time:    188.000	RMSD(LF):   0.168	encoding: XUUUUWN
Time:    190.000	RMSD(LF):   0.170	encoding: UUVUWWW
Time:    192.000	RMSD(LF):   0.205	encoding: UUUVUUN
Time:    194.000	RMSD(LF):   0.249	encoding: VWUVUWN
Time:    196.000	RMSD(LF):   0.161	encoding: UUUUUWN
Time:    198.000	RMSD(LF):   0.158	encoding: UUUUUWN
Time:    200.000	RMSD(LF):   0.185	encoding: VUUUVWN
Time:    202.000	RMSD(LF):   0.185	encoding: XUUUUWN
Time:    204.000	RMSD(LF):   0.171	encoding: WUUUUUN
Time:    206.000	RMSD(LF):   0.157	encoding: XUUUUUN
Time:    208.000	RMSD(LF):   0.157	encoding: XUUUUWN
Time:    210.000	RMSD(LF):   0.191	encoding: XUUUVWN
Time:    212.000	RMSD(LF):   0.164	encoding: UUUUUUN
Time:    214.000	RMSD(LF):   0.233	encoding: XUUUUWN
Time:    216.000	RMSD(LF):   0.149	encoding: VUUUUUN
Time:    218.000	RMSD(LF):   0.220	encoding: VUUUUWN
Time:    220.000	RMSD(LF):   0.161	encoding: XUUUUWN
Time:    222.000	RMSD(LF):   0.159	encoding: WUUUUUN
Time:    224.000	RMSD(LF):   0.146	encoding: XUUUVWW
Time:    226.000	RMSD(LF):   0.209	encoding: XVUUUWX
Time:    228.000	RMSD(LF):   0.158	encoding: UUUUUWN
Time:    230.000	RMSD(LF):   0.202	encoding: VUUUVWW
Time:    232.000	RMSD(LF):   0.230	encoding: XVWUUWX
Time:    234.000	RMSD(LF):   0.197	encoding: WUUUUWN
Time:    236.000	RMSD(LF):   0.164	encoding: XUUUUUN
Time:    238.000	RMSD(LF):   0.241	encoding: XUUVUVN
Time:    240.000	RMSD(LF):   0.179	encoding: UUUUUWN
Time:    242.000	RMSD(LF):   0.223	encoding: WUUUUWN
Time:    244.000	RMSD(LF):   0.221	encoding: UUUUVWN
Time:    246.000	RMSD(LF):   0.197	encoding: XUUUUWH
Time:    248.000	RMSD(LF):   0.252	encoding: XUUUUWN
Time:    250.000	RMSD(LF):   0.246	encoding: XVUUUWN
Time:    252.000	RMSD(LF):   0.227	encoding: XUUVUWN
Time:    254.000	RMSD(LF):   0.223	encoding: XVUUUWN
Time:    256.000	RMSD(LF):   0.234	encoding: VUUUWNN
Time:    258.000	RMSD(LF):   0.245	encoding: UUUUUNN
Time:    260.000	RMSD(LF):   0.243	encoding: WUUUUWN
Time:    262.000	RMSD(LF):   0.257	encoding: UUUUVWN
Time:    264.000	RMSD(LF):   0.194	encoding: XUUVUWN
Time:    266.000	RMSD(LF):   0.150	encoding: XUUUUWN
Time:    268.000	RMSD(LF):   0.200	encoding: UUUWUWN
Time:    270.000	RMSD(LF):   0.166	encoding: WUUUVWN
Time:    272.000	RMSD(LF):   0.253	encoding: WUUUVWN
Time:    274.000	RMSD(LF):   0.221	encoding: XUUUVWN
Time:    276.000	RMSD(LF):   0.255	encoding: XUWVVWN
Time:    278.000	RMSD(LF):   0.238	encoding: XUUUVXN
Time:    280.000	RMSD(LF):   0.241	encoding: XUUUUWT
Time:    282.000	RMSD(LF):   0.179	encoding: UUUUUWN
Time:    284.000	RMSD(LF):   0.151	encoding: XUUUUUN
Time:    286.000	RMSD(LF):   0.213	encoding: UUUUUWT
Time:    288.000	RMSD(LF):   0.159	encoding: UUUUUUN
Time:    290.000	RMSD(LF):   0.182	encoding: UUUUUUW
Time:    292.000	RMSD(LF):   0.225	encoding: UUUUUWN
Time:    294.000	RMSD(LF):   0.222	encoding: WUUUVWN
Time:    296.000	RMSD(LF):   0.268	encoding: WWUUWVN
Time:    298.000	RMSD(LF):   0.214	encoding: VUUUUWN
Time:    300.000	RMSD(LF):   0.216	encoding: VUUUUWN
Time:    302.000	RMSD(LF):   0.197	encoding: WUUUUWN
Time:    304.000	RMSD(LF):   0.209	encoding: VUUUUWN
Time:    306.000	RMSD(LF):   0.218	encoding: VUUUUWN
Time:    308.000	RMSD(LF):   0.229	encoding: UUWUUVN
Time:    310.000	RMSD(LF):   0.188	encoding: XUUUUWN
Time:    312.000	RMSD(LF):   0.229	encoding: WUUVUUN
Time:    314.000	RMSD(LF):   0.277	encoding: XVUUUUN
Time:    316.000	RMSD(LF):   0.177	encoding: XUUUUWH
Time:    318.000	RMSD(LF):   0.163	encoding: UUUUUWH
Time:    320.000	RMSD(LF):   0.217	encoding: UUUUUWH
Time:    322.000	RMSD(LF):   0.256	encoding: VUUUUWN
Time:    324.000	RMSD(LF):   0.178	encoding: UUUUVWN
Time:    326.000	RMSD(LF):   0.273	encoding: VXVUUWN
Time:    328.000	RMSD(LF):   0.207	encoding: UUUUVWN
Time:    330.000	RMSD(LF):   0.188	encoding: UUUVUWN
Time:    332.000	RMSD(LF):   0.155	encoding: UUUUUUN
Time:    334.000	RMSD(LF):   0.189	encoding: VUUUUUN
Time:    336.000	RMSD(LF):   0.170	encoding: UUUUUWN
Time:    338.000	RMSD(LF):   0.189	encoding: XUUUUWN
Time:    340.000	RMSD(LF):   0.171	encoding: WUUUUWW
Time:    342.000	RMSD(LF):   0.133	encoding: WUUUUUN
Time:    344.000	RMSD(LF):   0.157	encoding: WVUUUUN
Time:    346.000	RMSD(LF):   0.188	encoding: XUUUUWN
Time:    348.000	RMSD(LF):   0.134	encoding: XUUUUUN
Time:    350.000	RMSD(LF):   0.252	encoding: WUUVUWN
Time:    352.000	RMSD(LF):   0.190	encoding: UUUUUWN
Time:    354.000	RMSD(LF):   0.261	encoding: VUUUUWN
Time:    356.000	RMSD(LF):   0.313	encoding: VWVWTXT
Time:    358.000	RMSD(LF):   0.235	encoding: XUUUUNN
Time:    360.000	RMSD(LF):   0.189	encoding: UUUUUWN
Time:    362.000	RMSD(LF):   0.176	encoding: UUUUUWN
Time:    364.000	RMSD(LF):   0.232	encoding: TUUUUWN
Time:    366.000	RMSD(LF):   0.210	encoding: WUUUUWT
Time:    368.000	RMSD(LF):   0.214	encoding: UUUWUWN
Time:    370.000	RMSD(LF):   0.230	encoding: UUUUUWN
Time:    372.000	RMSD(LF):   0.172	encoding: XUUVUWN
Time:    374.000	RMSD(LF):   0.177	encoding: WUUUUWN
Time:    376.000	RMSD(LF):   0.181	encoding: XUUUUUN
Time:    378.000	RMSD(LF):   0.231	encoding: WUUVUWN
Time:    380.000	RMSD(LF):   0.169	encoding: XUUUUWN
Time:    382.000	RMSD(LF):   0.247	encoding: WUUUWWN
Time:    384.000	RMSD(LF):   0.240	encoding: WUUUWUN
Time:    386.000	RMSD(LF):   0.161	encoding: XUUUUWN
Time:    388.000	RMSD(LF):   0.236	encoding: XVUUUUN
Time:    390.000	RMSD(LF):   0.163	encoding: XUUUUUN
Time:    392.000	RMSD(LF):   0.157	encoding: XUUUUUN
Time:    394.000	RMSD(LF):   0.173	encoding: UUUUUWN
Time:    396.000	RMSD(LF):   0.141	encoding: XUUUUUN
Time:    398.000	RMSD(LF):   0.188	encoding: UUUUUUN
Time:    400.000	RMSD(LF):   0.195	encoding: XUUVUVN
Time:    402.000	RMSD(LF):   0.169	encoding: XUUUUWN
Time:    404.000	RMSD(LF):   0.178	encoding: WUUUUUN
Time:    406.000	RMSD(LF):   0.216	encoding: WUUUUUN
Time:    408.000	RMSD(LF):   0.156	encoding: UUUUUVN
Time:    410.000	RMSD(LF):   0.177	encoding: UUUUUWN
Time:    412.000	RMSD(LF):   0.151	encoding: UUUUUWN
Time:    414.000	RMSD(LF):   0.169	encoding: WUUUUWN
Time:    416.000	RMSD(LF):   0.147	encoding: UUUUUWN
Time:    418.000	RMSD(LF):   0.134	encoding: UUUUUWN
Time:    420.000	RMSD(LF):   0.219	encoding: VUUVUUW
Time:    422.000	RMSD(LF):   0.228	encoding: UUUUUWN
Time:    424.000	RMSD(LF):   0.129	encoding: XVUUUUN
Time:    426.000	RMSD(LF):   0.176	encoding: XUUUUUN
Time:    428.000	RMSD(LF):   0.141	encoding: XUUUUUN
Time:    430.000	RMSD(LF):   0.185	encoding: XUUUUWN
Time:    432.000	RMSD(LF):   0.178	encoding: WUUUUUN
Time:    434.000	RMSD(LF):   0.180	encoding: VUUUUUN
Time:    436.000	RMSD(LF):   0.154	encoding: WUUUVWN
Time:    438.000	RMSD(LF):   0.195	encoding: XUUUUUN
Time:    440.000	RMSD(LF):   0.193	encoding: UUUUUWN
Time:    442.000	RMSD(LF):   0.171	encoding: VUUUVUN
Time:    444.000	RMSD(LF):   0.160	encoding: VUUUUUN
Time:    446.000	RMSD(LF):   0.219	encoding: WXUUUWN
Time:    448.000	RMSD(LF):   0.212	encoding: VUUUUWW
Time:    450.000	RMSD(LF):   0.134	encoding: UUUUUUN
Time:    452.000	RMSD(LF):   0.171	encoding: UUUUUWX
Time:    454.000	RMSD(LF):   0.141	encoding: UUUUVWN
Time:    456.000	RMSD(LF):   0.189	encoding: UUUUVUN
Time:    458.000	RMSD(LF):   0.167	encoding: XUUUUUN
Time:    460.000	RMSD(LF):   0.162	encoding: XUUUUWN
Time:    462.000	RMSD(LF):   0.193	encoding: UUUVVWN
Time:    464.000	RMSD(LF):   0.192	encoding: XUUUUWN
Time:    466.000	RMSD(LF):   0.196	encoding: UUUUUWN
Time:    468.000	RMSD(LF):   0.227	encoding: UUUUUWN
Time:    470.000	RMSD(LF):   0.154	encoding: XUUUUWX
Time:    472.000	RMSD(LF):   0.196	encoding: UUUUUWX
Time:    474.000	RMSD(LF):   0.193	encoding: UUUVUVW
Time:    476.000	RMSD(LF):   0.189	encoding: XUUUUWW
Time:    478.000	RMSD(LF):   0.175	encoding: VUUUUUW
Time:    480.000	RMSD(LF):   0.181	encoding: XUUVUUN
Time:    482.000	RMSD(LF):   0.149	encoding: UUUUUUW
Time:    484.000	RMSD(LF):   0.139	encoding: WVUUUUN
Time:    486.000	RMSD(LF):   0.179	encoding: UUUUUWN
Time:    488.000	RMSD(LF):   0.183	encoding: XUUUUWW
Time:    490.000	RMSD(LF):   0.197	encoding: XVUUUWW
Time:    492.000	RMSD(LF):   0.205	encoding: XVWUUWW
Time:    494.000	RMSD(LF):   0.148	encoding: XUUUUUW
Time:    496.000	RMSD(LF):   0.260	encoding: UUUUUVN
Time:    498.000	RMSD(LF):   0.153	encoding: UUUUUUW
Time:    500.000	RMSD(LF):   0.103	encoding: UUUUUUW
Time:    502.000	RMSD(LF):   0.198	encoding: UUUUUWN
Time:    504.000	RMSD(LF):   0.209	encoding: WUUUUWW
Time:    506.000	RMSD(LF):   0.168	encoding: VUUUUUV
Time:    508.000	RMSD(LF):   0.215	encoding: XUUWUVT
Time:    510.000	RMSD(LF):   0.166	encoding: WUUUUUT
Time:    512.000	RMSD(LF):   0.164	encoding: VUUUUUN
Time:    514.000	RMSD(LF):   0.160	encoding: VUUUUUR
Time:    516.000	RMSD(LF):   0.199	encoding: VUUUUUR
Time:    518.000	RMSD(LF):   0.178	encoding: WUUUUUT
Time:    520.000	RMSD(LF):   0.155	encoding: WUUUUUR
Time:    522.000	RMSD(LF):   0.211	encoding: UUVUUUR
Time:    524.000	RMSD(LF):   0.189	encoding: VWVUUUT
Time:    526.000	RMSD(LF):   0.186	encoding: UUUUUUT
Time:    528.000	RMSD(LF):   0.200	encoding: UUUUUUT
Time:    530.000	RMSD(LF):   0.194	encoding: WUUUUUT
Time:    532.000	RMSD(LF):   0.132	encoding: XUUUUUT
Time:    534.000	RMSD(LF):   0.155	encoding: XUUUUUT
Time:    536.000	RMSD(LF):   0.128	encoding: UUUUUUT
Time:    538.000	RMSD(LF):   0.138	encoding: WUUUUUT
Time:    540.000	RMSD(LF):   0.176	encoding: XUUUUUT
Time:    542.000	RMSD(LF):   0.201	encoding: UUUUUWT
Time:    544.000	RMSD(LF):   0.130	encoding: WUUUUUT
Time:    546.000	RMSD(LF):   0.169	encoding: XUUUUUT
Time:    548.000	RMSD(LF):   0.163	encoding: UUUUUUV
Time:    550.000	RMSD(LF):   0.140	encoding: XVUUUUU
Time:    552.000	RMSD(LF):   0.232	encoding: UUUUWUN
Time:    554.000	RMSD(LF):   0.159	encoding: WUUUUWN
Time:    556.000	RMSD(LF):   0.153	encoding: XUUUUWN
Time:    558.000	RMSD(LF):   0.192	encoding: XUUUWWN
Time:    560.000	RMSD(LF):   0.145	encoding: XUUUUWN
Time:    562.000	RMSD(LF):   0.212	encoding: WUUUUWN
Time:    564.000	RMSD(LF):   0.185	encoding: XUUUUWN
Time:    566.000	RMSD(LF):   0.218	encoding: XUUVWWN
Time:    568.000	RMSD(LF):   0.211	encoding: XUUUWWN
Time:    570.000	RMSD(LF):   0.207	encoding: WUUWUWT
Time:    572.000	RMSD(LF):   0.195	encoding: XUUUUWR
Time:    574.000	RMSD(LF):   0.234	encoding: UUUVWVN
Time:    576.000	RMSD(LF):   0.225	encoding: WUUUWWT
Time:    578.000	RMSD(LF):   0.220	encoding: WUUUWWR
Time:    580.000	RMSD(LF):   0.247	encoding: WUUUWXT
Time:    582.000	RMSD(LF):   0.203	encoding: XUUUUWR
Time:    584.000	RMSD(LF):   0.145	encoding: UUUUWWR
Time:    586.000	RMSD(LF):   0.248	encoding: XUUVWNT
Time:    588.000	RMSD(LF):   0.203	encoding: XUUUUWR
Time:    590.000	RMSD(LF):   0.245	encoding: XUUWWNR
Time:    592.000	RMSD(LF):   0.248	encoding: UUUUWNR
Time:    594.000	RMSD(LF):   0.279	encoding: UUUVWXR
Time:    596.000	RMSD(LF):   0.288	encoding: XVUUUWR
Time:    598.000	RMSD(LF):   0.212	encoding: UUUUWWR
Time:    600.000	RMSD(LF):   0.230	encoding: UUVWWWR
Time:    602.000	RMSD(LF):   0.184	encoding: XUUUUWN
Time:    604.000	RMSD(LF):   0.179	encoding: XUUUUWN
Time:    606.000	RMSD(LF):   0.178	encoding: WUUUWWN
Time:    608.000	RMSD(LF):   0.207	encoding: XUUUUWN
Time:    610.000	RMSD(LF):   0.174	encoding: XUUUUWN
Time:    612.000	RMSD(LF):   0.117	encoding: UUUUUWN
Time:    614.000	RMSD(LF):   0.202	encoding: VUUUUUW
Time:    616.000	RMSD(LF):   0.179	encoding: UUUUUUN
Time:    618.000	RMSD(LF):   0.181	encoding: UUWUUWW
Time:    620.000	RMSD(LF):   0.183	encoding: XUUUWWN
Time:    622.000	RMSD(LF):   0.174	encoding: XUUVUWN
Time:    624.000	RMSD(LF):   0.164	encoding: UUUUVUN
Time:    626.000	RMSD(LF):   0.149	encoding: UVUUUUN
Time:    628.000	RMSD(LF):   0.201	encoding: UUUUUWW
Time:    630.000	RMSD(LF):   0.130	encoding: UUUUUUN
Time:    632.000	RMSD(LF):   0.227	encoding: WUVXUWN
Time:    634.000	RMSD(LF):   0.189	encoding: XUUUUWN
Time:    636.000	RMSD(LF):   0.207	encoding: WUUUUWN
Time:    638.000	RMSD(LF):   0.151	encoding: UUUUUWN
Time:    640.000	RMSD(LF):   0.215	encoding: UUUUUWN
Time:    642.000	RMSD(LF):   0.210	encoding: VWUUUWN
Time:    644.000	RMSD(LF):   0.185	encoding: UUUUUWN
Time:    646.000	RMSD(LF):   0.202	encoding: XUUVUWN
Time:    648.000	RMSD(LF):   0.209	encoding: UUUWUUN
Time:    650.000	RMSD(LF):   0.156	encoding: WUUUUUN
Time:    652.000	RMSD(LF):   0.181	encoding: WUUUUWN
Time:    654.000	RMSD(LF):   0.141	encoding: UUUUUWN
Time:    656.000	RMSD(LF):   0.167	encoding: XUUUWWN
Time:    658.000	RMSD(LF):   0.140	encoding: XUUUUWN
Time:    660.000	RMSD(LF):   0.225	encoding: UUUUUWN
