Time:    150.000	RMSD(LF):   0.219	encoding: XUUUUWN
Time:    152.000	RMSD(LF):   0.229	encoding: VUUUVWN
Time:    154.000	RMSD(LF):   0.201	encoding: VWVUVWN
Time:    156.000	RMSD(LF):   0.196	encoding: VUUUUWN
Time:    158.000	RMSD(LF):   0.194	encoding: UUUUUUN
Time:    160.000	RMSD(LF):   0.209	encoding: UUUUWWN
Time:    162.000	RMSD(LF):   0.151	encoding: UUUUUUN
Time:    164.000	RMSD(LF):   0.236	encoding: VUWVUWN
Time:    166.000	RMSD(LF):   0.174	encoding: VUUUUWN
Time:    168.000	RMSD(LF):   0.242	encoding: VUUWUWN
Time:    170.000	RMSD(LF):   0.170	encoding: VUUUUWN
Time:    172.000	RMSD(LF):   0.173	encoding: XUUUUWN
Time:    174.000	RMSD(LF):   0.179	encoding: XVUUVWN
Time:    176.000	RMSD(LF):   0.215	encoding: XUUUUWX
Time:    178.000	RMSD(LF):   0.214	encoding: XUUUVUN
Time:    180.000	RMSD(LF):   0.222	encoding: XUUUVWN
Time:    182.000	RMSD(LF):   0.252	encoding: XVWVVWT
Time:    184.000	RMSD(LF):   0.165	encoding: XUUUUWN
Time:    186.000	RMSD(LF):   0.186	encoding: XUUUUWN
Time:    188.000	RMSD(LF):   0.168	encoding: XUUUUWN
Time:    190.000	RMSD(LF):   0.170	encoding: UUVUWWW
Time:    192.000	RMSD(LF):   0.205	encoding: UUUVUUN
Time:    194.000	RMSD(LF):   0.249	encoding: VWUVUWN
Time:    196.000	RMSD(LF):   0.161	encoding: UUUUUWN
Time:    198.000	RMSD(LF):   0.158	encoding: UUUUUWN
Time:    200.000	RMSD(LF):   0.185	encoding: VUUUVWN
