Time:   1200.000	RMSD(LF):   0.289	encoding: MEJQYNK
Time:   1202.000	RMSD(LF):   0.343	encoding: AMLQYWF
Time:   1204.000	RMSD(LF):   0.282	encoding: MELMYNH
Time:   1206.000	RMSD(LF):   0.255	encoding: RQLMYWF
Time:   1208.000	RMSD(LF):   0.357	encoding: CLLRHNJ
Time:   1210.000	RMSD(LF):   0.320	encoding: REIMYNH
Time:   1212.000	RMSD(LF):   0.321	encoding: EQMSYTJ
Time:   1214.000	RMSD(LF):   0.314	encoding: MMLQYNH
Time:   1216.000	RMSD(LF):   0.320	encoding: MEJMYNF
Time:   1218.000	RMSD(LF):   0.304	encoding: QEAMYND
Time:   1220.000	RMSD(LF):   0.324	encoding: MEJQYWK
Time:   1222.000	RMSD(LF):   0.323	encoding: QQMQYTF
Time:   1224.000	RMSD(LF):   0.267	encoding: MQIMYNH
Time:   1226.000	RMSD(LF):   0.330	encoding: AEGMYTF
Time:   1228.000	RMSD(LF):   0.274	encoding: QQLQYWK
Time:   1230.000	RMSD(LF):   0.262	encoding: MQAMYNH
Time:   1232.000	RMSD(LF):   0.293	encoding: RMMQYNI
Time:   1234.000	RMSD(LF):   0.321	encoding: MECQYNH
Time:   1236.000	RMSD(LF):   0.322	encoding: EMAQYNF
Time:   1238.000	RMSD(LF):   0.319	encoding: QEMSYTF
Time:   1240.000	RMSD(LF):   0.312	encoding: MEIMYNH
Time:   1242.000	RMSD(LF):   0.334	encoding: MLCQYNI
Time:   1244.000	RMSD(LF):   0.309	encoding: MEIMYNH
Time:   1246.000	RMSD(LF):   0.275	encoding: QMAMYWI
Time:   1248.000	RMSD(LF):   0.331	encoding: MEFMYWK
Time:   1250.000	RMSD(LF):   0.279	encoding: QBMSPTC
Time:   1252.000	RMSD(LF):   0.327	encoding: MLLSPVC
Time:   1254.000	RMSD(LF):   0.326	encoding: EELMYNI
Time:   1256.000	RMSD(LF):   0.279	encoding: RMCMYWF
Time:   1258.000	RMSD(LF):   0.267	encoding: MEFMYNH
Time:   1260.000	RMSD(LF):   0.349	encoding: QMMQYTD
Time:   1262.000	RMSD(LF):   0.312	encoding: MEJQYWH
Time:   1264.000	RMSD(LF):   0.269	encoding: EBAQYNI
Time:   1266.000	RMSD(LF):   0.332	encoding: TEGQYWC
Time:   1268.000	RMSD(LF):   0.290	encoding: MQAMYNI
Time:   1270.000	RMSD(LF):   0.267	encoding: AAFMYWF
Time:   1272.000	RMSD(LF):   0.317	encoding: WEMQYVF
Time:   1274.000	RMSD(LF):   0.375	encoding: XQMSYTF
Time:   1276.000	RMSD(LF):   0.294	encoding: NACQYWF
Time:   1278.000	RMSD(LF):   0.323	encoding: FEAQYNF
Time:   1280.000	RMSD(LF):   0.312	encoding: AEIQYNH
Time:   1282.000	RMSD(LF):   0.265	encoding: QMCMYNH
Time:   1284.000	RMSD(LF):   0.291	encoding: MQMQYNI
Time:   1286.000	RMSD(LF):   0.332	encoding: QEIMYNH
Time:   1288.000	RMSD(LF):   0.281	encoding: MAJQYNK
Time:   1290.000	RMSD(LF):   0.315	encoding: QMLQYNF
Time:   1292.000	RMSD(LF):   0.304	encoding: MQCMYNH
Time:   1294.000	RMSD(LF):   0.312	encoding: MLLSPVO
Time:   1296.000	RMSD(LF):   0.313	encoding: QACQYNC
Time:   1298.000	RMSD(LF):   0.259	encoding: CMLQYNI
Time:   1300.000	RMSD(LF):   0.356	encoding: QQAMYNH
Time:   1302.000	RMSD(LF):   0.359	encoding: EEJMYWH
Time:   1304.000	RMSD(LF):   0.268	encoding: GEIMYNH
Time:   1306.000	RMSD(LF):   0.373	encoding: QMLSYVF
Time:   1308.000	RMSD(LF):   0.316	encoding: MQGMYNF
Time:   1310.000	RMSD(LF):   0.319	encoding: QMDMYTC
Time:   1312.000	RMSD(LF):   0.282	encoding: MMLQKWO
Time:   1314.000	RMSD(LF):   0.261	encoding: QELRPTC
Time:   1316.000	RMSD(LF):   0.294	encoding: MEISYWK
Time:   1318.000	RMSD(LF):   0.234	encoding: RMLQYNF
Time:   1320.000	RMSD(LF):   0.294	encoding: EEGMYNI
Time:   1322.000	RMSD(LF):   0.322	encoding: MQLMYWF
Time:   1324.000	RMSD(LF):   0.327	encoding: MQCMYTK
Time:   1326.000	RMSD(LF):   0.301	encoding: ECLQYNF
Time:   1328.000	RMSD(LF):   0.321	encoding: MMCQYNF
Time:   1330.000	RMSD(LF):   0.361	encoding: MEGQYNJ
Time:   1332.000	RMSD(LF):   0.336	encoding: DEIMYNH
Time:   1334.000	RMSD(LF):   0.335	encoding: QMAQYTC
Time:   1336.000	RMSD(LF):   0.314	encoding: AEIQYNH
Time:   1338.000	RMSD(LF):   0.315	encoding: QECMYTF
Time:   1340.000	RMSD(LF):   0.313	encoding: MELSPVC
Time:   1342.000	RMSD(LF):   0.277	encoding: MEIMYNH
Time:   1344.000	RMSD(LF):   0.352	encoding: MMEMYTD
Time:   1346.000	RMSD(LF):   0.330	encoding: QEIMYNH
Time:   1348.000	RMSD(LF):   0.250	encoding: QMCQYNI
Time:   1350.000	RMSD(LF):   0.314	encoding: QBJMYNH
Time:   1352.000	RMSD(LF):   0.312	encoding: QMMRYNI
Time:   1354.000	RMSD(LF):   0.315	encoding: MEJQYWF
Time:   1356.000	RMSD(LF):   0.294	encoding: QMCMYNF
Time:   1358.000	RMSD(LF):   0.314	encoding: MQMMYNF
Time:   1360.000	RMSD(LF):   0.278	encoding: IMCMYWH
Time:   1362.000	RMSD(LF):   0.291	encoding: QECQYNH
Time:   1364.000	RMSD(LF):   0.338	encoding: QEAQYNC
Time:   1366.000	RMSD(LF):   0.336	encoding: MMLMYTF
Time:   1368.000	RMSD(LF):   0.323	encoding: MQMRKWF
Time:   1370.000	RMSD(LF):   0.314	encoding: QMCQYNH
Time:   1372.000	RMSD(LF):   0.319	encoding: GEIMYWH
Time:   1374.000	RMSD(LF):   0.327	encoding: RSMMYNH
Time:   1376.000	RMSD(LF):   0.362	encoding: EELQYNH
Time:   1378.000	RMSD(LF):   0.335	encoding: MMMQYNH
Time:   1380.000	RMSD(LF):   0.310	encoding: QEJMYTK
Time:   1382.000	RMSD(LF):   0.366	encoding: QMEQYND
Time:   1384.000	RMSD(LF):   0.314	encoding: MQIMYWJ
Time:   1386.000	RMSD(LF):   0.377	encoding: MMAMYWF
Time:   1388.000	RMSD(LF):   0.342	encoding: MEIQYNK
Time:   1390.000	RMSD(LF):   0.317	encoding: QMCQYNF
Time:   1392.000	RMSD(LF):   0.353	encoding: MMAQPVC
Time:   1394.000	RMSD(LF):   0.273	encoding: MEIMYNF
Time:   1396.000	RMSD(LF):   0.319	encoding: QMLQYVC
Time:   1398.000	RMSD(LF):   0.298	encoding: MQGMYTF
Time:   1400.000	RMSD(LF):   0.272	encoding: MQAMYWF
