Time:   9800.000	RMSD(LF):   0.287	encoding: MDLPWNG
Time:   9802.000	RMSD(LF):   0.344	encoding: EGAKXRB
Time:   9804.000	RMSD(LF):   0.324	encoding: MLMYXSA
Time:   9806.000	RMSD(LF):   0.319	encoding: EALPXTA
Time:   9808.000	RMSD(LF):   0.333	encoding: MMMPXTA
Time:   9810.000	RMSD(LF):   0.289	encoding: ECMPWTL
Time:   9812.000	RMSD(LF):   0.287	encoding: BFMPXNI
Time:   9814.000	RMSD(LF):   0.252	encoding: MMMPXTA
Time:   9816.000	RMSD(LF):   0.327	encoding: QALPXND
Time:   9818.000	RMSD(LF):   0.339	encoding: MLMPXRM
Time:   9820.000	RMSD(LF):   0.326	encoding: EILYXTC
Time:   9822.000	RMSD(LF):   0.308	encoding: QAMPXVM
Time:   9824.000	RMSD(LF):   0.307	encoding: EIMPXNI
Time:   9826.000	RMSD(LF):   0.296	encoding: QGMPXRA
Time:   9828.000	RMSD(LF):   0.332	encoding: BGLYXSL
Time:   9830.000	RMSD(LF):   0.287	encoding: MJMPWNI
Time:   9832.000	RMSD(LF):   0.259	encoding: MMMPXTM
Time:   9834.000	RMSD(LF):   0.274	encoding: MCLPWTM
Time:   9836.000	RMSD(LF):   0.304	encoding: BFMYYRL
Time:   9838.000	RMSD(LF):   0.264	encoding: QAMPXNB
Time:   9840.000	RMSD(LF):   0.355	encoding: EGGYXRD
Time:   9842.000	RMSD(LF):   0.294	encoding: EILYXRG
Time:   9844.000	RMSD(LF):   0.304	encoding: MMMPXTM
Time:   9846.000	RMSD(LF):   0.313	encoding: EGMYXNI
Time:   9848.000	RMSD(LF):   0.294	encoding: EDLPXTA
Time:   9850.000	RMSD(LF):   0.265	encoding: QCLPXTM
Time:   9852.000	RMSD(LF):   0.367	encoding: QCMYYRD
Time:   9854.000	RMSD(LF):   0.326	encoding: QGLPXTD
Time:   9856.000	RMSD(LF):   0.253	encoding: MLMPXTL
Time:   9858.000	RMSD(LF):   0.330	encoding: MDLPXTA
Time:   9860.000	RMSD(LF):   0.359	encoding: EJMPXNL
Time:   9862.000	RMSD(LF):   0.280	encoding: MCMPXTM
Time:   9864.000	RMSD(LF):   0.248	encoding: EFLPWNI
Time:   9866.000	RMSD(LF):   0.342	encoding: QMMYXSE
Time:   9868.000	RMSD(LF):   0.281	encoding: QDLPXND
Time:   9870.000	RMSD(LF):   0.333	encoding: MMLYXSM
Time:   9872.000	RMSD(LF):   0.345	encoding: QIMPXTC
Time:   9874.000	RMSD(LF):   0.375	encoding: MMMYXSM
Time:   9876.000	RMSD(LF):   0.271	encoding: QILPXNI
Time:   9878.000	RMSD(LF):   0.373	encoding: LCMYXTA
Time:   9880.000	RMSD(LF):   0.275	encoding: QLMPWNI
Time:   9882.000	RMSD(LF):   0.331	encoding: MCMKXRA
Time:   9884.000	RMSD(LF):   0.295	encoding: EDAKXNG
Time:   9886.000	RMSD(LF):   0.277	encoding: QAMPXSM
Time:   9888.000	RMSD(LF):   0.309	encoding: MCMPXRG
Time:   9890.000	RMSD(LF):   0.299	encoding: QAMPXTM
Time:   9892.000	RMSD(LF):   0.274	encoding: EILPXRC
Time:   9894.000	RMSD(LF):   0.282	encoding: QAMPWNA
Time:   9896.000	RMSD(LF):   0.360	encoding: BIMPXRG
Time:   9898.000	RMSD(LF):   0.216	encoding: EGLPWNG
Time:   9900.000	RMSD(LF):   0.312	encoding: MAMPXRA
Time:   9902.000	RMSD(LF):   0.355	encoding: QAAKYTE
Time:   9904.000	RMSD(LF):   0.317	encoding: EILPXRD
Time:   9906.000	RMSD(LF):   0.347	encoding: EGLYWSD
Time:   9908.000	RMSD(LF):   0.337	encoding: ELLPXNG
Time:   9910.000	RMSD(LF):   0.317	encoding: MCMYXRA
Time:   9912.000	RMSD(LF):   0.298	encoding: ECMPXRG
Time:   9914.000	RMSD(LF):   0.363	encoding: EBGHXRA
Time:   9916.000	RMSD(LF):   0.287	encoding: MLMPXSL
Time:   9918.000	RMSD(LF):   0.324	encoding: MJMPXNI
Time:   9920.000	RMSD(LF):   0.262	encoding: MCMPXNA
Time:   9922.000	RMSD(LF):   0.332	encoding: QIMPXNG
Time:   9924.000	RMSD(LF):   0.263	encoding: QMMPXTA
Time:   9926.000	RMSD(LF):   0.325	encoding: EFLYYRI
Time:   9928.000	RMSD(LF):   0.340	encoding: EGMPXTE
Time:   9930.000	RMSD(LF):   0.317	encoding: EILYXRC
Time:   9932.000	RMSD(LF):   0.342	encoding: QLMPXRI
Time:   9934.000	RMSD(LF):   0.331	encoding: MMLPXTE
Time:   9936.000	RMSD(LF):   0.331	encoding: EJLYYRC
Time:   9938.000	RMSD(LF):   0.246	encoding: QMMPWWM
Time:   9940.000	RMSD(LF):   0.322	encoding: EILPXNI
Time:   9942.000	RMSD(LF):   0.336	encoding: EGAPXRB
Time:   9944.000	RMSD(LF):   0.305	encoding: QCLPXRD
Time:   9946.000	RMSD(LF):   0.295	encoding: QCMPXTC
Time:   9948.000	RMSD(LF):   0.303	encoding: MMMPXNG
Time:   9950.000	RMSD(LF):   0.307	encoding: QAMPXSA
Time:   9952.000	RMSD(LF):   0.280	encoding: QMMPXNA
Time:   9954.000	RMSD(LF):   0.323	encoding: QGLYXRC
Time:   9956.000	RMSD(LF):   0.316	encoding: MALYWSA
Time:   9958.000	RMSD(LF):   0.304	encoding: EILYXRC
Time:   9960.000	RMSD(LF):   0.341	encoding: MLMPXTM
Time:   9962.000	RMSD(LF):   0.339	encoding: QILYXRC
Time:   9964.000	RMSD(LF):   0.277	encoding: MMMPXTM
Time:   9966.000	RMSD(LF):   0.303	encoding: EJLPXNI
Time:   9968.000	RMSD(LF):   0.343	encoding: EDMPXTM
Time:   9970.000	RMSD(LF):   0.293	encoding: EGMPXSM
Time:   9972.000	RMSD(LF):   0.261	encoding: MOLPWNG
Time:   9974.000	RMSD(LF):   0.312	encoding: QAMPXRA
Time:   9976.000	RMSD(LF):   0.369	encoding: QAMYXRD
Time:   9978.000	RMSD(LF):   0.327	encoding: QGLPXTD
Time:   9980.000	RMSD(LF):   0.244	encoding: MDMPXNB
Time:   9982.000	RMSD(LF):   0.336	encoding: MMMKXNG
Time:   9984.000	RMSD(LF):   0.264	encoding: MLMPXNG
Time:   9986.000	RMSD(LF):   0.332	encoding: ECMPXRM
Time:   9988.000	RMSD(LF):   0.330	encoding: ECLYXRM
Time:   9990.000	RMSD(LF):   0.345	encoding: MMQPXTM
Time:   9992.000	RMSD(LF):   0.326	encoding: EGAKXRA
Time:   9994.000	RMSD(LF):   0.227	encoding: QMMPWTM
Time:   9996.000	RMSD(LF):   0.355	encoding: MFMPXRG
Time:   9998.000	RMSD(LF):   0.321	encoding: EBGKXRB
Time:  10000.000	RMSD(LF):   0.297	encoding: QGLPXND
