Time:      0.000	RMSD(LF):   0.174	encoding: UWUUUUU
Time:      2.000	RMSD(LF):   0.148	encoding: XUUUUWV
Time:      4.000	RMSD(LF):   0.206	encoding: XUUWUUW
Time:      6.000	RMSD(LF):   0.171	encoding: WUUUVUW
Time:      8.000	RMSD(LF):   0.147	encoding: WUUUUWW
Time:     10.000	RMSD(LF):   0.152	encoding: XUUUUVW
Time:     12.000	RMSD(LF):   0.221	encoding: WUUWVUW
Time:     14.000	RMSD(LF):   0.135	encoding: UUUUUUW
Time:     16.000	RMSD(LF):   0.186	encoding: WUUUUVW
Time:     18.000	RMSD(LF):   0.183	encoding: XUUVVWV
Time:     20.000	RMSD(LF):   0.138	encoding: UUUUUWU
Time:     22.000	RMSD(LF):   0.121	encoding: XUUUUUW
Time:     24.000	RMSD(LF):   0.131	encoding: XUUUUUU
Time:     26.000	RMSD(LF):   0.143	encoding: WUUUUUV
Time:     28.000	RMSD(LF):   0.170	encoding: XUUUUVU
Time:     30.000	RMSD(LF):   0.147	encoding: XVUUUUU
Time:     32.000	RMSD(LF):   0.207	encoding: WUUUUUV
Time:     34.000	RMSD(LF):   0.166	encoding: UUUUUUV
Time:     36.000	RMSD(LF):   0.138	encoding: UUUUUUV
Time:     38.000	RMSD(LF):   0.185	encoding: UUUUUUW
Time:     40.000	RMSD(LF):   0.128	encoding: UUUUUUT
Time:     42.000	RMSD(LF):   0.182	encoding: VWUUUUT
Time:     44.000	RMSD(LF):   0.239	encoding: WWUUUUT
Time:     46.000	RMSD(LF):   0.260	encoding: WUUUUUT
Time:     48.000	RMSD(LF):   0.214	encoding: WUUUUWN
Time:     50.000	RMSD(LF):   0.186	encoding: WUUUUWN
Time:     52.000	RMSD(LF):   0.152	encoding: UUUUUUN
Time:     54.000	RMSD(LF):   0.215	encoding: UUUUUWN
Time:     56.000	RMSD(LF):   0.203	encoding: UUUUUWN
Time:     58.000	RMSD(LF):   0.205	encoding: UUVUUWW
Time:     60.000	RMSD(LF):   0.174	encoding: UUUVWWW
Time:     62.000	RMSD(LF):   0.160	encoding: UUUUUUV
Time:     64.000	RMSD(LF):   0.126	encoding: UUUUUUW
Time:     66.000	RMSD(LF):   0.202	encoding: UUUUUWN
Time:     68.000	RMSD(LF):   0.118	encoding: WUUUUUU
Time:     70.000	RMSD(LF):   0.157	encoding: VUUUUWW
Time:     72.000	RMSD(LF):   0.215	encoding: UVUUUVN
Time:     74.000	RMSD(LF):   0.208	encoding: UUUWUUW
Time:     76.000	RMSD(LF):   0.229	encoding: VWUUUUN
Time:     78.000	RMSD(LF):   0.197	encoding: XUUUUWN
Time:     80.000	RMSD(LF):   0.145	encoding: WUUUUWN
Time:     82.000	RMSD(LF):   0.157	encoding: UUUUVWN
Time:     84.000	RMSD(LF):   0.177	encoding: XUUUUWN
Time:     86.000	RMSD(LF):   0.226	encoding: XVUUUWX
Time:     88.000	RMSD(LF):   0.220	encoding: WUUUUUN
Time:     90.000	RMSD(LF):   0.225	encoding: UUUUVUN
Time:     92.000	RMSD(LF):   0.196	encoding: WUUUUWN
Time:     94.000	RMSD(LF):   0.186	encoding: UUUVWWN
Time:     96.000	RMSD(LF):   0.224	encoding: XUUVVWX
Time:     98.000	RMSD(LF):   0.165	encoding: WUUUUUN
Time:    100.000	RMSD(LF):   0.213	encoding: XVWVVWV
