Time:    750.000	RMSD(LF):   0.173	encoding: UUUUUWN
Time:    752.000	RMSD(LF):   0.260	encoding: XVUVUVN
Time:    754.000	RMSD(LF):   0.170	encoding: XUUUUWN
Time:    756.000	RMSD(LF):   0.169	encoding: WUUUUWN
Time:    758.000	RMSD(LF):   0.146	encoding: XUUUUWN
Time:    760.000	RMSD(LF):   0.159	encoding: UUUUUUN
Time:    762.000	RMSD(LF):   0.157	encoding: XUUUUUN
Time:    764.000	RMSD(LF):   0.202	encoding: XVWUUWN
Time:    766.000	RMSD(LF):   0.189	encoding: VUUUUWN
Time:    768.000	RMSD(LF):   0.173	encoding: VUUUUWN
Time:    770.000	RMSD(LF):   0.200	encoding: UUUUUWN
Time:    772.000	RMSD(LF):   0.166	encoding: XUUUUUN
Time:    774.000	RMSD(LF):   0.177	encoding: XUUUVUN
Time:    776.000	RMSD(LF):   0.169	encoding: UUUUVWN
Time:    778.000	RMSD(LF):   0.195	encoding: UUUUUUN
Time:    780.000	RMSD(LF):   0.128	encoding: UUUUUUN
Time:    782.000	RMSD(LF):   0.206	encoding: VXUUUWN
Time:    784.000	RMSD(LF):   0.146	encoding: UUUUVWN
Time:    786.000	RMSD(LF):   0.180	encoding: UUUUUUN
Time:    788.000	RMSD(LF):   0.188	encoding: VUUUUVN
Time:    790.000	RMSD(LF):   0.177	encoding: WUUUUUN
Time:    792.000	RMSD(LF):   0.175	encoding: WUUUUWN
Time:    794.000	RMSD(LF):   0.164	encoding: VUUUVWN
Time:    796.000	RMSD(LF):   0.172	encoding: VUUUUUN
Time:    798.000	RMSD(LF):   0.170	encoding: XUUUUWN
Time:    800.000	RMSD(LF):   0.160	encoding: XUUUUUN
