KVUUUUUUUU
KVUUUUUUUW
KVUUUUWUUU
KUUUUUUUUV
KUUUUUUUWV
FUUUWUUUUV
HVUUUUUUUT
FVUUUUVUUT
FVUUUUVUUT
JUUUUUVUUT
JUUUUUUUUT
JVUUUUUUUT
JVUUUWWUUT
JVUUUUUUWT
HVVUUUUWWS
HVUUUWUUUR
KVUUUUWWWR
KVUUUWVWWR
KVVUUWUUWR
KTVUUUUUWS
JTVUUUWUWS
JVUUUUUUWT
JTVUVUWVWS
CTVUUUWUWT
LVUWUUUUWR
JTUUUUUUUT
FTVWVUUUWS
JVVUUUUUWR
CTWWUUUVUR
CTVUWVWUWR
CTUUUUWUUR
CTVUUWUUUR
CTVUUUUUWR
JTVUUUWVUQ
LTVUUUUUVR
JVUUUUWVVQ
JVUUUUUUVR
JUUUUUWUVR
JVUUUUWVTQ
LVVUUUWXTQ
GVVUUUWWTQ
LVVUUUWVTE
MVVUUUWUVR
LVVUUUUVTQ
MVVUUVUWTQ
LVTUUUUUTQ
LVVUUUUUTQ
LUVWUUUWTQ
LVVUVUWWTQ
LTVUUUWWSQ
LTVUUUWXSQ
ATVWUUWVTQ
MTUWUUUVTQ
MTUUUUWVTE
MTVWUUWTTQ
MTVWUWXVSQ
LTVUUUUUSQ
MTVUVWUTNE
LTVWUTWTTE
MTVWVVWTTE
MTVWUVUTTE
GTVUUVWTTE
MTVUUUWWTE
MTVUUVWVTE
MTVUWVWVTE
MTVTXVUVSQ
MTVTUUUVRE
MSVTUUUWTE
GSTTUUWVRE
MSVTXUUWRE
GSVTUVXVNE
MRVTUUUWNE
GRTTVVUVNE
MRTSVVWVNE
MRTTVVWUTE
MRTSTTWUTE
GRSSVVWUNB
BRSTVVUWTE
BQSSTVUWRE
GQSSTVWUTE
ERSSVVWVRE
EQSSVVWWSQ
BRSTVUUWSE
BRSSTVWVRE
BRSSVVWVRE
BRSTVVWWSE
BRSSVTWVTE
BRSTTVUUSQ
BRSSTVVVRE
BHSRTTVVRE
BRSSTVVTRE
