Time:    200.000	RMSD(LF):   0.320	encoding: XMMRYWC
Time:    202.000	RMSD(LF):   0.285	encoding: XTALYTK
Time:    204.000	RMSD(LF):   0.296	encoding: XSMMYNH
Time:    206.000	RMSD(LF):   0.339	encoding: XSLQYTC
Time:    208.000	RMSD(LF):   0.338	encoding: XSLMYTC
Time:    210.000	RMSD(LF):   0.341	encoding: XTMMYTH
Time:    212.000	RMSD(LF):   0.298	encoding: XTQLYSO
Time:    214.000	RMSD(LF):   0.310	encoding: XRJLYTK
Time:    216.000	RMSD(LF):   0.262	encoding: XTLMYTO
Time:    218.000	RMSD(LF):   0.313	encoding: XSMRYTL
Time:    220.000	RMSD(LF):   0.293	encoding: XTLMYTL
Time:    222.000	RMSD(LF):   0.356	encoding: XSCMYTH
Time:    224.000	RMSD(LF):   0.314	encoding: XTLQYTJ
Time:    226.000	RMSD(LF):   0.334	encoding: XTLLYTJ
Time:    228.000	RMSD(LF):   0.345	encoding: XTQGYTH
Time:    230.000	RMSD(LF):   0.331	encoding: XTMMYTK
Time:    232.000	RMSD(LF):   0.346	encoding: WRJQYTJ
Time:    234.000	RMSD(LF):   0.268	encoding: XSMMYTJ
Time:    236.000	RMSD(LF):   0.325	encoding: XSAMYTJ
Time:    238.000	RMSD(LF):   0.332	encoding: XSLRYTL
Time:    240.000	RMSD(LF):   0.323	encoding: XSMLYTK
Time:    242.000	RMSD(LF):   0.285	encoding: XRLRYTO
Time:    244.000	RMSD(LF):   0.309	encoding: YRLMYTK
Time:    246.000	RMSD(LF):   0.272	encoding: XRMQYTC
Time:    248.000	RMSD(LF):   0.325	encoding: XTCQYTL
Time:    250.000	RMSD(LF):   0.310	encoding: WTLMYNK
Time:    252.000	RMSD(LF):   0.326	encoding: XRMMYTF
Time:    254.000	RMSD(LF):   0.300	encoding: XNHMYSO
Time:    256.000	RMSD(LF):   0.322	encoding: NNKMYTH
Time:    258.000	RMSD(LF):   0.334	encoding: YRJQYTJ
Time:    260.000	RMSD(LF):   0.371	encoding: NRFQYTF
Time:    262.000	RMSD(LF):   0.305	encoding: XTAQXNF
Time:    264.000	RMSD(LF):   0.333	encoding: XRJQYWC
Time:    266.000	RMSD(LF):   0.286	encoding: WTCLYTH
Time:    268.000	RMSD(LF):   0.302	encoding: XTLQYSC
Time:    270.000	RMSD(LF):   0.298	encoding: XTLQYTC
Time:    272.000	RMSD(LF):   0.315	encoding: XSLQYTC
Time:    274.000	RMSD(LF):   0.320	encoding: XTMQYTC
Time:    276.000	RMSD(LF):   0.321	encoding: XTMMYNK
Time:    278.000	RMSD(LF):   0.285	encoding: XTMMYTF
Time:    280.000	RMSD(LF):   0.270	encoding: WTLMYTJ
Time:    282.000	RMSD(LF):   0.325	encoding: XTLMYVO
Time:    284.000	RMSD(LF):   0.292	encoding: XTLQYTF
Time:    286.000	RMSD(LF):   0.272	encoding: XTLQYTJ
Time:    288.000	RMSD(LF):   0.303	encoding: XTALYSF
Time:    290.000	RMSD(LF):   0.314	encoding: XSJMYNK
Time:    292.000	RMSD(LF):   0.313	encoding: XTMQXTC
Time:    294.000	RMSD(LF):   0.391	encoding: XRJQYTJ
Time:    296.000	RMSD(LF):   0.321	encoding: YTCMYTO
Time:    298.000	RMSD(LF):   0.352	encoding: XRGQYWC
Time:    300.000	RMSD(LF):   0.308	encoding: XTLQYTO
Time:    302.000	RMSD(LF):   0.354	encoding: XNJQYVO
Time:    304.000	RMSD(LF):   0.368	encoding: XSJQXWF
Time:    306.000	RMSD(LF):   0.348	encoding: XTLQPTF
Time:    308.000	RMSD(LF):   0.420	encoding: XRIQYWI
Time:    310.000	RMSD(LF):   0.318	encoding: UTMMYTF
Time:    312.000	RMSD(LF):   0.282	encoding: XTMCYNH
Time:    314.000	RMSD(LF):   0.255	encoding: XQMQYNJ
Time:    316.000	RMSD(LF):   0.267	encoding: XQMQYNH
Time:    318.000	RMSD(LF):   0.282	encoding: XRMQYVK
Time:    320.000	RMSD(LF):   0.284	encoding: XTAMYTO
Time:    322.000	RMSD(LF):   0.301	encoding: XRLQYTL
Time:    324.000	RMSD(LF):   0.289	encoding: XTMQYTO
Time:    326.000	RMSD(LF):   0.304	encoding: YSMMYTL
Time:    328.000	RMSD(LF):   0.335	encoding: XSAAYNH
Time:    330.000	RMSD(LF):   0.312	encoding: XTLMYVF
Time:    332.000	RMSD(LF):   0.331	encoding: XNJQYVF
Time:    334.000	RMSD(LF):   0.320	encoding: XTLQYTJ
Time:    336.000	RMSD(LF):   0.336	encoding: WTLLYNH
Time:    338.000	RMSD(LF):   0.304	encoding: XSLQYTC
Time:    340.000	RMSD(LF):   0.307	encoding: XRJMYTJ
Time:    342.000	RMSD(LF):   0.273	encoding: XTLMYTO
Time:    344.000	RMSD(LF):   0.322	encoding: XRCMYNH
Time:    346.000	RMSD(LF):   0.282	encoding: XSMMYTF
Time:    348.000	RMSD(LF):   0.364	encoding: XSMEYVF
Time:    350.000	RMSD(LF):   0.406	encoding: XRKQYVO
Time:    352.000	RMSD(LF):   0.278	encoding: XTMLYTH
Time:    354.000	RMSD(LF):   0.325	encoding: XSLMYTF
Time:    356.000	RMSD(LF):   0.285	encoding: XTMLYRF
Time:    358.000	RMSD(LF):   0.276	encoding: XSAMYTC
Time:    360.000	RMSD(LF):   0.264	encoding: XSMMYTF
Time:    362.000	RMSD(LF):   0.291	encoding: XRMMYNH
Time:    364.000	RMSD(LF):   0.352	encoding: XSMRYUC
Time:    366.000	RMSD(LF):   0.330	encoding: XSLRXWC
Time:    368.000	RMSD(LF):   0.297	encoding: XSCMYTJ
Time:    370.000	RMSD(LF):   0.311	encoding: XSMMYNH
Time:    372.000	RMSD(LF):   0.345	encoding: YRLRYTL
Time:    374.000	RMSD(LF):   0.269	encoding: XTCMYTO
Time:    376.000	RMSD(LF):   0.276	encoding: WTMMYTJ
Time:    378.000	RMSD(LF):   0.387	encoding: XTLQKUC
Time:    380.000	RMSD(LF):   0.318	encoding: XTDGYNK
Time:    382.000	RMSD(LF):   0.316	encoding: XRLQYNI
Time:    384.000	RMSD(LF):   0.278	encoding: XTCLYTF
Time:    386.000	RMSD(LF):   0.312	encoding: WRMQYWF
Time:    388.000	RMSD(LF):   0.329	encoding: XRIMYNH
Time:    390.000	RMSD(LF):   0.293	encoding: XRMSYTL
Time:    392.000	RMSD(LF):   0.288	encoding: WMMSYTL
Time:    394.000	RMSD(LF):   0.300	encoding: XQAMYTF
Time:    396.000	RMSD(LF):   0.316	encoding: NMCMYTF
Time:    398.000	RMSD(LF):   0.340	encoding: NMLMYTF
Time:    400.000	RMSD(LF):   0.251	encoding: XQCMYNK
