EBMPXTE
QALYXSD
EDGPXRD
QAMPXTM
EIMYYRF
QGLPXTA
EIMPXRG
QAMPXNB
QAAKXRD
ECMPWRL
MMMPXTA
MMMYXRG
MCEKXRI
ECLOWND
MLMYXSM
QMMPXRA
QMQHXTM
EGMPXTA
EAMKXRG
EFMOWNG
EMMPXTM
BLMYXRC
QEMKXNE
ALLPXRD
EJLPWNG
MCMYYTM
EGLPXTL
QAMPXSM
MJLPXRG
QMMPXRB
MMMPXRB
MMLPWTL
MLMPXTM
MLMYYSL
QAMPWTM
QCMPXRA
MLMYYRD
QMMKXTE
EILYXRI
EGMKXTM
QGLPXRG
MDMKXRA
QLMYYSL
QALPXNG
MCMPWNG
MFMPXRL
EJMPXTM
MDLPXTE
MCMPWNG
MMMPXTE
MJMPXNG
MFMFXVM
EICPXNI
EGMPXNG
EGMPWRG
EIMPXNG
QCLPXTL
EDLYXRE
EMQKXTM
MEMKXRE
EJMYXRI
MMMPXTM
MCLPXTC
MLMPXRG
MLMPXRC
BILPWND
QGMPXTD
QCLPXTL
MCMPXTM
ECLPWNG
MLLPWND
QIGPXNG
SMMPXTE
EAMPXRA
EIMPXTC
QAMPXTM
MCMYXRC
QMAKXTA
EAMKXRA
EGMPXNB
MAMPXRE
EIMPXSL
QMMPXTM
QMLYXSA
QMMPWTA
QALPXTA
QMMYYRD
QLMPXTM
QLLYYRD
EAMPWNA
MJMPXNC
MCMPXNG
QGLPXTM
QLMHXTM
EFMPWNI
EGMPXNG
MCMPXSL
ECMPXTM
MLLPXTD
QGMHXRA
AFMPWNG
