Time:    950.000	RMSD(LF):   0.120	encoding: XUUUUUU
Time:    952.000	RMSD(LF):   0.141	encoding: XUUUUVU
Time:    954.000	RMSD(LF):   0.158	encoding: UUUUWVW
Time:    956.000	RMSD(LF):   0.158	encoding: VUUUUUW
Time:    958.000	RMSD(LF):   0.218	encoding: WUUUUWV
Time:    960.000	RMSD(LF):   0.179	encoding: UUUUUWV
Time:    962.000	RMSD(LF):   0.156	encoding: WUUUUUU
Time:    964.000	RMSD(LF):   0.201	encoding: XUUUUWW
Time:    966.000	RMSD(LF):   0.238	encoding: XUUUUWS
Time:    968.000	RMSD(LF):   0.170	encoding: UUUUUWT
Time:    970.000	RMSD(LF):   0.207	encoding: UUUUUUT
Time:    972.000	RMSD(LF):   0.204	encoding: UUUUUUT
Time:    974.000	RMSD(LF):   0.223	encoding: XUUUUWT
Time:    976.000	RMSD(LF):   0.174	encoding: UUUUWWT
Time:    978.000	RMSD(LF):   0.187	encoding: XUUUUWR
Time:    980.000	RMSD(LF):   0.158	encoding: XUUUUUN
Time:    982.000	RMSD(LF):   0.152	encoding: XUUUUWN
Time:    984.000	RMSD(LF):   0.186	encoding: XVUUUUN
Time:    986.000	RMSD(LF):   0.130	encoding: XUUUUUN
Time:    988.000	RMSD(LF):   0.187	encoding: XUUUUUN
Time:    990.000	RMSD(LF):   0.181	encoding: XUUUUWN
Time:    992.000	RMSD(LF):   0.163	encoding: UUUUUWN
Time:    994.000	RMSD(LF):   0.229	encoding: WUUUUWN
Time:    996.000	RMSD(LF):   0.159	encoding: UUUUUUN
Time:    998.000	RMSD(LF):   0.144	encoding: UUUUUWN
Time:   1000.000	RMSD(LF):   0.150	encoding: WUUUUWN
