Time:   7800.000	RMSD(LF):   0.349	encoding: QMMHXNM
Time:   7802.000	RMSD(LF):   0.288	encoding: QLLPXTL
Time:   7804.000	RMSD(LF):   0.306	encoding: QEMPXTE
Time:   7806.000	RMSD(LF):   0.273	encoding: MCLPXTA
Time:   7808.000	RMSD(LF):   0.330	encoding: EILPWND
Time:   7810.000	RMSD(LF):   0.387	encoding: MEMPXRB
Time:   7812.000	RMSD(LF):   0.353	encoding: QGLPXRA
Time:   7814.000	RMSD(LF):   0.307	encoding: MAMPXTM
Time:   7816.000	RMSD(LF):   0.327	encoding: EIMPXNI
Time:   7818.000	RMSD(LF):   0.316	encoding: QALPXRA
Time:   7820.000	RMSD(LF):   0.340	encoding: MALYXRD
Time:   7822.000	RMSD(LF):   0.329	encoding: QILPXND
Time:   7824.000	RMSD(LF):   0.323	encoding: EAMPXTM
Time:   7826.000	RMSD(LF):   0.329	encoding: EHEHXNH
Time:   7828.000	RMSD(LF):   0.277	encoding: MAMPXTM
Time:   7830.000	RMSD(LF):   0.298	encoding: EAMPXTE
Time:   7832.000	RMSD(LF):   0.334	encoding: EJLPWNI
Time:   7834.000	RMSD(LF):   0.327	encoding: MMMPXTL
Time:   7836.000	RMSD(LF):   0.295	encoding: EIMPXTM
Time:   7838.000	RMSD(LF):   0.331	encoding: QAGPXRD
Time:   7840.000	RMSD(LF):   0.307	encoding: RMLYXSE
Time:   7842.000	RMSD(LF):   0.321	encoding: EILPWNI
Time:   7844.000	RMSD(LF):   0.273	encoding: MDMPXNG
Time:   7846.000	RMSD(LF):   0.313	encoding: EILPXRI
Time:   7848.000	RMSD(LF):   0.287	encoding: QMMPWNM
Time:   7850.000	RMSD(LF):   0.350	encoding: MMMPYSE
Time:   7852.000	RMSD(LF):   0.293	encoding: QGLPWNI
Time:   7854.000	RMSD(LF):   0.288	encoding: EALPWTA
Time:   7856.000	RMSD(LF):   0.292	encoding: EGMPXRI
Time:   7858.000	RMSD(LF):   0.218	encoding: MLMPXTM
Time:   7860.000	RMSD(LF):   0.328	encoding: QLMPXNG
Time:   7862.000	RMSD(LF):   0.247	encoding: QMLPXTL
Time:   7864.000	RMSD(LF):   0.233	encoding: QLMOUWM
Time:   7866.000	RMSD(LF):   0.348	encoding: BFMYXRC
Time:   7868.000	RMSD(LF):   0.282	encoding: QBMPXTE
Time:   7870.000	RMSD(LF):   0.335	encoding: EIMYXRG
Time:   7872.000	RMSD(LF):   0.349	encoding: QMMPXNA
Time:   7874.000	RMSD(LF):   0.350	encoding: EMMPWSA
Time:   7876.000	RMSD(LF):   0.318	encoding: MCLPXTM
Time:   7878.000	RMSD(LF):   0.282	encoding: EGMPXTL
Time:   7880.000	RMSD(LF):   0.233	encoding: MFMPXNI
Time:   7882.000	RMSD(LF):   0.280	encoding: QBMPXNB
Time:   7884.000	RMSD(LF):   0.336	encoding: ECAPXRG
Time:   7886.000	RMSD(LF):   0.231	encoding: QAMPXNG
Time:   7888.000	RMSD(LF):   0.296	encoding: EAMPXNI
Time:   7890.000	RMSD(LF):   0.288	encoding: QCMPXTM
Time:   7892.000	RMSD(LF):   0.336	encoding: ECMPXNG
Time:   7894.000	RMSD(LF):   0.264	encoding: MCMHXNA
Time:   7896.000	RMSD(LF):   0.255	encoding: MCMPXNG
Time:   7898.000	RMSD(LF):   0.325	encoding: MMMPXTE
Time:   7900.000	RMSD(LF):   0.351	encoding: QCLPXRG
Time:   7902.000	RMSD(LF):   0.356	encoding: ECLYXRA
Time:   7904.000	RMSD(LF):   0.279	encoding: QGMPXTM
Time:   7906.000	RMSD(LF):   0.343	encoding: EDGPXRA
Time:   7908.000	RMSD(LF):   0.319	encoding: MMMHXTE
Time:   7910.000	RMSD(LF):   0.317	encoding: EGAPXRA
Time:   7912.000	RMSD(LF):   0.237	encoding: EGLPWND
Time:   7914.000	RMSD(LF):   0.367	encoding: MLMPXSM
Time:   7916.000	RMSD(LF):   0.284	encoding: EGMPXNG
Time:   7918.000	RMSD(LF):   0.266	encoding: MMMPXSL
Time:   7920.000	RMSD(LF):   0.305	encoding: EAMPXTM
Time:   7922.000	RMSD(LF):   0.322	encoding: EILYYRC
Time:   7924.000	RMSD(LF):   0.297	encoding: QAMPXTD
Time:   7926.000	RMSD(LF):   0.328	encoding: MCMYXSA
Time:   7928.000	RMSD(LF):   0.333	encoding: EILPWRI
Time:   7930.000	RMSD(LF):   0.284	encoding: EDLPXTE
Time:   7932.000	RMSD(LF):   0.369	encoding: EIMPXTL
Time:   7934.000	RMSD(LF):   0.302	encoding: LCLYXSL
Time:   7936.000	RMSD(LF):   0.316	encoding: QGMPXTQ
Time:   7938.000	RMSD(LF):   0.364	encoding: QILYXSC
Time:   7940.000	RMSD(LF):   0.296	encoding: QAMPXRA
Time:   7942.000	RMSD(LF):   0.288	encoding: EIMPXNG
Time:   7944.000	RMSD(LF):   0.295	encoding: EBMPXTE
Time:   7946.000	RMSD(LF):   0.415	encoding: EKMYXNI
Time:   7948.000	RMSD(LF):   0.286	encoding: MDMPXTQ
Time:   7950.000	RMSD(LF):   0.364	encoding: EHLYXRI
Time:   7952.000	RMSD(LF):   0.338	encoding: MMLYWSD
Time:   7954.000	RMSD(LF):   0.297	encoding: QAMPXRC
Time:   7956.000	RMSD(LF):   0.208	encoding: QAMPXNG
Time:   7958.000	RMSD(LF):   0.302	encoding: EAMYYRD
Time:   7960.000	RMSD(LF):   0.364	encoding: EFLYXRI
Time:   7962.000	RMSD(LF):   0.230	encoding: QAMPXNB
Time:   7964.000	RMSD(LF):   0.319	encoding: EIMPYRI
Time:   7966.000	RMSD(LF):   0.248	encoding: MLMPXNA
Time:   7968.000	RMSD(LF):   0.250	encoding: EGMPXNG
Time:   7970.000	RMSD(LF):   0.336	encoding: EBAKXRA
Time:   7972.000	RMSD(LF):   0.243	encoding: QMMPXTM
Time:   7974.000	RMSD(LF):   0.244	encoding: QMMPXWM
Time:   7976.000	RMSD(LF):   0.286	encoding: EIMPXRI
Time:   7978.000	RMSD(LF):   0.280	encoding: QAMPXTM
Time:   7980.000	RMSD(LF):   0.312	encoding: QAMPXRG
Time:   7982.000	RMSD(LF):   0.279	encoding: EILPXNI
Time:   7984.000	RMSD(LF):   0.284	encoding: MMMPXTM
Time:   7986.000	RMSD(LF):   0.343	encoding: QIGPXRG
Time:   7988.000	RMSD(LF):   0.345	encoding: EAMPXSE
Time:   7990.000	RMSD(LF):   0.301	encoding: MCLPXRD
Time:   7992.000	RMSD(LF):   0.322	encoding: MEAHXRB
Time:   7994.000	RMSD(LF):   0.234	encoding: QIMPXTM
Time:   7996.000	RMSD(LF):   0.251	encoding: ACMYXRA
Time:   7998.000	RMSD(LF):   0.311	encoding: EAMPWTM
Time:   8000.000	RMSD(LF):   0.336	encoding: EAMPXRA
