Time:    100.000	RMSD(LF):   0.213	encoding: XVWVVWV
Time:    102.000	RMSD(LF):   0.127	encoding: XUUUUWW
Time:    104.000	RMSD(LF):   0.168	encoding: UUUUUWN
Time:    106.000	RMSD(LF):   0.183	encoding: XWUUUUN
Time:    108.000	RMSD(LF):   0.178	encoding: XUUUUWN
Time:    110.000	RMSD(LF):   0.174	encoding: WUUUUWN
Time:    112.000	RMSD(LF):   0.261	encoding: WUUUUWN
Time:    114.000	RMSD(LF):   0.210	encoding: UUWVUWN
Time:    116.000	RMSD(LF):   0.199	encoding: UUUUTWN
Time:    118.000	RMSD(LF):   0.178	encoding: WUUUVWN
Time:    120.000	RMSD(LF):   0.159	encoding: XUUUUUN
Time:    122.000	RMSD(LF):   0.148	encoding: XUUUWVW
Time:    124.000	RMSD(LF):   0.158	encoding: UUUUUUN
Time:    126.000	RMSD(LF):   0.137	encoding: XUUUUUN
Time:    128.000	RMSD(LF):   0.156	encoding: XUUUUUN
Time:    130.000	RMSD(LF):   0.171	encoding: VUUUUWN
Time:    132.000	RMSD(LF):   0.197	encoding: VWUUUUN
Time:    134.000	RMSD(LF):   0.235	encoding: VUUUVWN
Time:    136.000	RMSD(LF):   0.169	encoding: VUVUUUN
Time:    138.000	RMSD(LF):   0.151	encoding: VUUUUUN
Time:    140.000	RMSD(LF):   0.208	encoding: VUUUUWN
Time:    142.000	RMSD(LF):   0.218	encoding: UUUUUWN
Time:    144.000	RMSD(LF):   0.206	encoding: VVUUUWN
Time:    146.000	RMSD(LF):   0.210	encoding: UVUUUUN
Time:    148.000	RMSD(LF):   0.191	encoding: UUUUUWN
Time:    150.000	RMSD(LF):   0.219	encoding: XUUUUWN
