Time:    800.000	RMSD(LF):   0.160	encoding: XUUUUUN
Time:    802.000	RMSD(LF):   0.166	encoding: UUUUUWN
Time:    804.000	RMSD(LF):   0.159	encoding: UUUUUWN
Time:    806.000	RMSD(LF):   0.204	encoding: UUUUVWN
Time:    808.000	RMSD(LF):   0.190	encoding: WUUUUWW
Time:    810.000	RMSD(LF):   0.167	encoding: UUUUUUN
Time:    812.000	RMSD(LF):   0.159	encoding: XUVUUUN
Time:    814.000	RMSD(LF):   0.166	encoding: WUVUUUN
Time:    816.000	RMSD(LF):   0.150	encoding: WUUUUUN
Time:    818.000	RMSD(LF):   0.232	encoding: XUUUVWT
Time:    820.000	RMSD(LF):   0.187	encoding: UUUUUWN
Time:    822.000	RMSD(LF):   0.213	encoding: WUUUUWN
Time:    824.000	RMSD(LF):   0.187	encoding: UUUUVWN
Time:    826.000	RMSD(LF):   0.251	encoding: UUUUUWN
Time:    828.000	RMSD(LF):   0.188	encoding: WUUUUWN
Time:    830.000	RMSD(LF):   0.253	encoding: XVWVUWH
Time:    832.000	RMSD(LF):   0.164	encoding: UUUUUWH
Time:    834.000	RMSD(LF):   0.259	encoding: VUUUUNH
Time:    836.000	RMSD(LF):   0.314	encoding: WUWVVNN
Time:    838.000	RMSD(LF):   0.237	encoding: XUWVVWN
Time:    840.000	RMSD(LF):   0.171	encoding: XUUUUUN
Time:    842.000	RMSD(LF):   0.255	encoding: WUUUVWN
Time:    844.000	RMSD(LF):   0.252	encoding: XWVUUUN
Time:    846.000	RMSD(LF):   0.183	encoding: VUUUUUN
Time:    848.000	RMSD(LF):   0.165	encoding: XUUUUUN
Time:    850.000	RMSD(LF):   0.172	encoding: XVUUUWN
