UWNMYNK
XVNQYNK
XWNMYNK
XNXMYNX
XTNLYNH
XWHMPNH
UNNMYNK
XWXMYNH
WNHLYTF
XWNLYNH
XWNLYNH
WNNMYNH
XVNBYNH
UWHAYNH
XUNMYNK
XTYLYNK
XWNMYVK
XVYLYNH
UNNMYNH
XWHMYTH
XTNMYNK
XRXMYNH
UWNMYNK
UWNMYNH
WVNMYNK
XTYLYNH
UWNMYNF
XVNMYTF
UUNLYTH
XTXLYNK
XTYMYNH
XNXMYNK
XTNMYTK
XNXMYNH
XWYMYTH
XTXQYNK
XNXMYNK
XTNMYNF
XVHMYNH
YRXMYNK
XVHCYNH
XWNMYNH
XTHMYNH
XTNLYNK
WNXMYWH
XNYMYNK
WWNMYNK
WTHMYTK
XRXMYNK
XNXMYNK
XVPMYNH
XRXLYNK
XTNMYTH
WWNEYNH
WTNMYNK
UWHLYRH
UNNMYNK
XWNLYNH
XNXQYNK
XTYMYNK
XVYLYNX
XTHJYNH
XTCCYTH
XTCLYNH
XTMQXTF
XRLMYNK
XQMRYTO
XTECYTO
XTMLYTK
WRLMYTC
WSLMYVC
XRLQYVL
WTLQYTO
WNIAYNH
XTCMYNH
WTLMYTC
XTLMYRJ
XTCCYNH
XREGYTJ
XRLRXWC
XSMLYTF
XTMMYSJ
XRCQYVC
XSMQYTC
XRJQYVC
XRCQYTL
XNHMYTO
WNKQXNF
XRFQXNK
XRLQYTF
XRLQYVO
XRKMYTL
YRIMYTL
XNJMYTJ
WTLRXWF
XSCMYNH
XTLQYNH
WNLMYTO
XSMMYNH
XRJMYWJ
XNJQYTC
