Time:   3000.000	RMSD(LF):   0.387	encoding: UWNMYNK
Time:   3002.000	RMSD(LF):   0.418	encoding: XVNQYNK
Time:   3004.000	RMSD(LF):   0.303	encoding: XWNMYNK
Time:   3006.000	RMSD(LF):   0.352	encoding: XNXMYNX
Time:   3008.000	RMSD(LF):   0.323	encoding: XTNLYNH
Time:   3010.000	RMSD(LF):   0.393	encoding: XWHMPNH
Time:   3012.000	RMSD(LF):   0.360	encoding: UNNMYNK
Time:   3014.000	RMSD(LF):   0.327	encoding: XWXMYNH
Time:   3016.000	RMSD(LF):   0.358	encoding: WNHLYTF
Time:   3018.000	RMSD(LF):   0.308	encoding: XWNLYNH
Time:   3020.000	RMSD(LF):   0.349	encoding: XWNLYNH
Time:   3022.000	RMSD(LF):   0.319	encoding: WNNMYNH
Time:   3024.000	RMSD(LF):   0.364	encoding: XVNBYNH
Time:   3026.000	RMSD(LF):   0.356	encoding: UWHAYNH
Time:   3028.000	RMSD(LF):   0.352	encoding: XUNMYNK
Time:   3030.000	RMSD(LF):   0.384	encoding: XTYLYNK
Time:   3032.000	RMSD(LF):   0.352	encoding: XWNMYVK
Time:   3034.000	RMSD(LF):   0.305	encoding: XVYLYNH
Time:   3036.000	RMSD(LF):   0.335	encoding: UNNMYNH
Time:   3038.000	RMSD(LF):   0.385	encoding: XWHMYTH
Time:   3040.000	RMSD(LF):   0.321	encoding: XTNMYNK
Time:   3042.000	RMSD(LF):   0.400	encoding: XRXMYNH
Time:   3044.000	RMSD(LF):   0.314	encoding: UWNMYNK
Time:   3046.000	RMSD(LF):   0.354	encoding: UWNMYNH
Time:   3048.000	RMSD(LF):   0.327	encoding: WVNMYNK
Time:   3050.000	RMSD(LF):   0.309	encoding: XTYLYNH
Time:   3052.000	RMSD(LF):   0.325	encoding: UWNMYNF
Time:   3054.000	RMSD(LF):   0.358	encoding: XVNMYTF
Time:   3056.000	RMSD(LF):   0.337	encoding: UUNLYTH
Time:   3058.000	RMSD(LF):   0.388	encoding: XTXLYNK
Time:   3060.000	RMSD(LF):   0.306	encoding: XTYMYNH
Time:   3062.000	RMSD(LF):   0.358	encoding: XNXMYNK
Time:   3064.000	RMSD(LF):   0.354	encoding: XTNMYTK
Time:   3066.000	RMSD(LF):   0.403	encoding: XNXMYNH
Time:   3068.000	RMSD(LF):   0.385	encoding: XWYMYTH
Time:   3070.000	RMSD(LF):   0.485	encoding: XTXQYNK
Time:   3072.000	RMSD(LF):   0.358	encoding: XNXMYNK
Time:   3074.000	RMSD(LF):   0.400	encoding: XTNMYNF
Time:   3076.000	RMSD(LF):   0.320	encoding: XVHMYNH
Time:   3078.000	RMSD(LF):   0.377	encoding: YRXMYNK
Time:   3080.000	RMSD(LF):   0.346	encoding: XVHCYNH
Time:   3082.000	RMSD(LF):   0.303	encoding: XWNMYNH
Time:   3084.000	RMSD(LF):   0.323	encoding: XTHMYNH
Time:   3086.000	RMSD(LF):   0.367	encoding: XTNLYNK
Time:   3088.000	RMSD(LF):   0.360	encoding: WNXMYWH
Time:   3090.000	RMSD(LF):   0.378	encoding: XNYMYNK
Time:   3092.000	RMSD(LF):   0.325	encoding: WWNMYNK
Time:   3094.000	RMSD(LF):   0.327	encoding: WTHMYTK
Time:   3096.000	RMSD(LF):   0.379	encoding: XRXMYNK
Time:   3098.000	RMSD(LF):   0.433	encoding: XNXMYNK
Time:   3100.000	RMSD(LF):   0.366	encoding: XVPMYNH
Time:   3102.000	RMSD(LF):   0.452	encoding: XRXLYNK
Time:   3104.000	RMSD(LF):   0.357	encoding: XTNMYTH
Time:   3106.000	RMSD(LF):   0.435	encoding: WWNEYNH
Time:   3108.000	RMSD(LF):   0.352	encoding: WTNMYNK
Time:   3110.000	RMSD(LF):   0.375	encoding: UWHLYRH
Time:   3112.000	RMSD(LF):   0.413	encoding: UNNMYNK
Time:   3114.000	RMSD(LF):   0.371	encoding: XWNLYNH
Time:   3116.000	RMSD(LF):   0.403	encoding: XNXQYNK
Time:   3118.000	RMSD(LF):   0.374	encoding: XTYMYNK
Time:   3120.000	RMSD(LF):   0.300	encoding: XVYLYNX
Time:   3122.000	RMSD(LF):   0.282	encoding: XTHJYNH
Time:   3124.000	RMSD(LF):   0.288	encoding: XTCCYTH
Time:   3126.000	RMSD(LF):   0.256	encoding: XTCLYNH
Time:   3128.000	RMSD(LF):   0.359	encoding: XTMQXTF
Time:   3130.000	RMSD(LF):   0.259	encoding: XRLMYNK
Time:   3132.000	RMSD(LF):   0.285	encoding: XQMRYTO
Time:   3134.000	RMSD(LF):   0.283	encoding: XTECYTO
Time:   3136.000	RMSD(LF):   0.289	encoding: XTMLYTK
Time:   3138.000	RMSD(LF):   0.315	encoding: WRLMYTC
Time:   3140.000	RMSD(LF):   0.372	encoding: WSLMYVC
Time:   3142.000	RMSD(LF):   0.330	encoding: XRLQYVL
Time:   3144.000	RMSD(LF):   0.302	encoding: WTLQYTO
Time:   3146.000	RMSD(LF):   0.301	encoding: WNIAYNH
Time:   3148.000	RMSD(LF):   0.297	encoding: XTCMYNH
Time:   3150.000	RMSD(LF):   0.285	encoding: WTLMYTC
Time:   3152.000	RMSD(LF):   0.284	encoding: XTLMYRJ
Time:   3154.000	RMSD(LF):   0.314	encoding: XTCCYNH
Time:   3156.000	RMSD(LF):   0.376	encoding: XREGYTJ
Time:   3158.000	RMSD(LF):   0.313	encoding: XRLRXWC
Time:   3160.000	RMSD(LF):   0.265	encoding: XSMLYTF
Time:   3162.000	RMSD(LF):   0.320	encoding: XTMMYSJ
Time:   3164.000	RMSD(LF):   0.391	encoding: XRCQYVC
Time:   3166.000	RMSD(LF):   0.300	encoding: XSMQYTC
Time:   3168.000	RMSD(LF):   0.385	encoding: XRJQYVC
Time:   3170.000	RMSD(LF):   0.336	encoding: XRCQYTL
Time:   3172.000	RMSD(LF):   0.367	encoding: XNHMYTO
Time:   3174.000	RMSD(LF):   0.363	encoding: WNKQXNF
Time:   3176.000	RMSD(LF):   0.394	encoding: XRFQXNK
Time:   3178.000	RMSD(LF):   0.285	encoding: XRLQYTF
Time:   3180.000	RMSD(LF):   0.315	encoding: XRLQYVO
Time:   3182.000	RMSD(LF):   0.352	encoding: XRKMYTL
Time:   3184.000	RMSD(LF):   0.323	encoding: YRIMYTL
Time:   3186.000	RMSD(LF):   0.287	encoding: XNJMYTJ
Time:   3188.000	RMSD(LF):   0.315	encoding: WTLRXWF
Time:   3190.000	RMSD(LF):   0.365	encoding: XSCMYNH
Time:   3192.000	RMSD(LF):   0.336	encoding: XTLQYNH
Time:   3194.000	RMSD(LF):   0.311	encoding: WNLMYTO
Time:   3196.000	RMSD(LF):   0.283	encoding: XSMMYNH
Time:   3198.000	RMSD(LF):   0.349	encoding: XRJMYWJ
Time:   3200.000	RMSD(LF):   0.290	encoding: XNJQYTC
