EAMPXRA
EAMPXTA
QCLPXRD
QMMPXTA
QGLYXTD
RMQKXTM
QGAKXNG
EALYXSD
QMMPXVQ
EGGYXSA
QBGHXRB
EDLPXRG
EIMPXSL
QALPXTM
QMMPXRG
EILPXNG
MEMKXTM
ELMPXNI
MDMPXTM
EGMPXRG
MCMPXSM
EILYXRA
MEMPXSE
EILYXRL
MALPXTE
BCLYXRG
QLMPXNG
EIMPXNI
EGLPXRA
QGMPXTE
MCMPXTA
QGLPWNG
BJMPXNI
QAMPWTM
QGMPXRM
BCAPXRG
QBGPXTE
EFLYXRI
EAMPXSM
EILYXTM
LCMPXTM
QMMPXNM
MCMPXRL
EAMPXNB
EGMPXRA
EDMPXNG
BAMPXTM
MLMPXNG
QILPXNG
MLMPXTM
MMMPXTM
MLMPXRL
ELMPXRG
MAMPXTM
EGLPXRD
MLLYWRC
QMMPXNB
MAMPXTA
ECMPXTM
EGMPXNB
EGMYXRA
QMLPWTA
ECAPXNB
ACMPXNG
QBGPWNG
ADLYXRD
QMMPUWE
ECLYXRC
QGLPWSC
EAMPXRA
EILPXNI
MCMPWTA
EILPXSL
MEMPXTE
QILYYSC
MCMPXSM
QAMPXTA
EGMPXNG
MCMPXTM
EGMPXSM
EDMPXSM
QGMPWNA
BIMPXRC
QGLPXTM
QJLYYRF
ECMPXRD
QGLPWNG
MCLPXTM
QILYXRC
MALYXSC
EGLPWRE
QABHXRB
MFMPXTL
EGMPWTM
MAMPXRA
QGAKXNG
MCMPXTC
EIMYXRC
QMMPXTM
AFMPXNI
EGMPXTM
