XWAHYRF
XWEIXVO
XNBHYSH
UNAHYSO
XWEIXTH
WWEIYRK
XRDHYTF
UVDFYRH
XWEHYSH
XWEHYTP
XNDHXTL
XNDKYRK
XUDHYTO
XNDHYRK
XWDHYTO
XTDHYSO
XWBHYTO
XNEHYSO
XRBIXTJ
XVDHYRK
UTDHYSO
XNAHYRJ
UWEIXTJ
XRDHYRH
UNBIXNH
UWAHYSO
WNGHYTO
WNBIXTO
XWDHYRK
XNDFXVO
XRAHXTO
UWAFXRH
VWEIXSF
XRDHYTC
XTDHYSF
XWEGXVC
XRAHYRK
XVDHYSJ
WNBIXVO
XNDHYSH
XTCHYTO
XNCKYTC
UWEIXNH
WNAHXTO
XTAHYSH
XVDFXTF
XNBHYSF
XTAHYTO
WTDHYSO
XWAHYTO
WNAHYSF
XTDHXTC
XRDHYRK
WWEIXTJ
XWAFXRK
XTDHYTF
XTDIXVC
WNBFYSF
UWEIXTC
XTDKYSO
WNBIXRK
WWEIXTF
XNAKYRH
XTDIXWF
WRBHYTO
XNBIXTC
WTDHYRK
WWAHYSF
WVDHYTF
XRAHYRK
UVDHXTF
XNGHYRH
XUEDXUC
XRBHXNH
UVMCXTF
WNDHYSO
XTDHYTF
XNDIYTO
UWDHYRK
WTEGXUO
WNDIYSF
XTDKYSO
XNBHXTO
XWDHYTO
XNDHYSF
XTEDXVO
XWBIXVF
XWDHXTF
XNAHYSO
XNEIXRJ
WWEIYTO
XWDHYTF
WTDHXRJ
XTAIXTF
XWDIYTO
UWEIXTO
XNBIXTF
WNGHXVO
UWBHYSO
WNEGXTJ
XNDHYSO
