Time:    700.000	RMSD(LF):   0.155	encoding: XUUUUWN
Time:    702.000	RMSD(LF):   0.192	encoding: WUUVWVW
Time:    704.000	RMSD(LF):   0.187	encoding: UUUUUWN
Time:    706.000	RMSD(LF):   0.180	encoding: UUUUUWN
Time:    708.000	RMSD(LF):   0.156	encoding: UUUUUUN
Time:    710.000	RMSD(LF):   0.174	encoding: XUUUUWN
Time:    712.000	RMSD(LF):   0.179	encoding: UUUUUWN
Time:    714.000	RMSD(LF):   0.200	encoding: XVUUUWN
Time:    716.000	RMSD(LF):   0.149	encoding: UUUUUUN
Time:    718.000	RMSD(LF):   0.150	encoding: UUUUUUN
Time:    720.000	RMSD(LF):   0.232	encoding: VUUUWWN
Time:    722.000	RMSD(LF):   0.187	encoding: XUUUUTN
Time:    724.000	RMSD(LF):   0.195	encoding: UUUUUWN
Time:    726.000	RMSD(LF):   0.201	encoding: WUUUUWN
Time:    728.000	RMSD(LF):   0.227	encoding: WVWWWWN
Time:    730.000	RMSD(LF):   0.213	encoding: WUUUUWN
Time:    732.000	RMSD(LF):   0.187	encoding: XUUUWWW
Time:    734.000	RMSD(LF):   0.188	encoding: XUUUUUW
Time:    736.000	RMSD(LF):   0.165	encoding: XUUUUWW
Time:    738.000	RMSD(LF):   0.174	encoding: UUUUUWW
Time:    740.000	RMSD(LF):   0.170	encoding: XUUVUWN
Time:    742.000	RMSD(LF):   0.162	encoding: XVUVUUW
Time:    744.000	RMSD(LF):   0.188	encoding: XUUUUWN
Time:    746.000	RMSD(LF):   0.177	encoding: XUUUUUN
Time:    748.000	RMSD(LF):   0.221	encoding: XVWUVWN
Time:    750.000	RMSD(LF):   0.173	encoding: UUUUUWN
