BCMPXNI
EIMPXNI
MFMPXNG
QGAPXND
QMLPXTD
MMMYXRD
QLLYXRD
QGMPXTA
EALYYSD
QLLYXSM
MCMPXRL
MLMPXRG
EIMPXNG
GDMPXNB
QGMPXTM
MCMYXRC
EILYXRI
MDLPXTM
QILYXRI
QMLPXTD
EGLPXNI
QCMPXNG
CFMPXTL
QLMPXVM
MFMPXNG
EGMPXNG
QGAKXRI
MCMPXNG
QJMPXNJ
EFLPXRI
QCMPXSL
MLLPWNI
EGBKXRG
QEMPWNB
QCLPXNG
MLMPXTM
EIMPXTA
EGMPWRG
QCMPXNG
AJMPXRI
MCMPXTM
EDMPXNG
MMMKXRA
MLLPWNG
MLMPWNG
MCLYXSM
EGMPXRA
MMMPXTA
EGMPXNG
QAMPXTE
EILYXND
MMMPXTE
QILYYRC
MALYWRE
QDMPXTM
MMMPXTM
EGLPXNG
QCMPXTM
BDMPWRA
AJMPXNI
QAMPXTA
ELLYYRD
MCMPXSC
EGMPXNG
MCMPWNG
EILPXNI
EDLPWTM
EILPXTM
MAMPXTM
EILYXRG
EAMKXNA
MJLYYRF
QGMPWVM
MCLYYRC
MCLPWNG
EGMPWTA
MJMPXRA
QMMPXTM
QALPXNB
MMMPXRG
MMMPXTA
MLMPXTM
EGBHXRG
MCLPWNG
MLMPXNB
ELMPXNI
MMMPXTM
ECLPWNI
MMMPXNG
MOMPXTA
EJMPXRA
MDLPXTM
EIMYXRC
MMMPXTM
MALPXTD
EGMPXTM
MDAKXRD
QILPXNI
QAMYXRC
ELMPXTM
MMMPYSM
