Time:   8200.000	RMSD(LF):   0.261	encoding: EGMPXTM
Time:   8202.000	RMSD(LF):   0.328	encoding: MCMPXSL
Time:   8204.000	RMSD(LF):   0.207	encoding: QMMPUNG
Time:   8206.000	RMSD(LF):   0.334	encoding: MCLPWTM
Time:   8208.000	RMSD(LF):   0.333	encoding: MCMYXRL
Time:   8210.000	RMSD(LF):   0.340	encoding: QGAYXRC
Time:   8212.000	RMSD(LF):   0.361	encoding: LDMPXTE
Time:   8214.000	RMSD(LF):   0.400	encoding: EHLPWNH
Time:   8216.000	RMSD(LF):   0.326	encoding: MELPWNB
Time:   8218.000	RMSD(LF):   0.404	encoding: QKLPXNI
Time:   8220.000	RMSD(LF):   0.363	encoding: LDLPWTM
Time:   8222.000	RMSD(LF):   0.292	encoding: QJLPXNI
Time:   8224.000	RMSD(LF):   0.346	encoding: MLLPXRD
Time:   8226.000	RMSD(LF):   0.317	encoding: MMMPXSM
Time:   8228.000	RMSD(LF):   0.396	encoding: EILYXNI
Time:   8230.000	RMSD(LF):   0.273	encoding: MMMPXVE
Time:   8232.000	RMSD(LF):   0.348	encoding: EDLYXTD
Time:   8234.000	RMSD(LF):   0.252	encoding: EGMPXTL
Time:   8236.000	RMSD(LF):   0.296	encoding: MDLPXTM
Time:   8238.000	RMSD(LF):   0.312	encoding: EGMHXNM
Time:   8240.000	RMSD(LF):   0.331	encoding: MCMYXRL
Time:   8242.000	RMSD(LF):   0.282	encoding: MMMPXTA
Time:   8244.000	RMSD(LF):   0.267	encoding: EILYYRL
Time:   8246.000	RMSD(LF):   0.273	encoding: EDMOUNA
Time:   8248.000	RMSD(LF):   0.364	encoding: ECMKXNI
Time:   8250.000	RMSD(LF):   0.311	encoding: MCMPXTA
Time:   8252.000	RMSD(LF):   0.366	encoding: QDMPXNA
Time:   8254.000	RMSD(LF):   0.328	encoding: EILPXTM
Time:   8256.000	RMSD(LF):   0.320	encoding: MLMPXTA
Time:   8258.000	RMSD(LF):   0.268	encoding: ALMPWNM
Time:   8260.000	RMSD(LF):   0.314	encoding: EGAHXNG
Time:   8262.000	RMSD(LF):   0.339	encoding: MMMPXSA
Time:   8264.000	RMSD(LF):   0.379	encoding: RICPXNG
Time:   8266.000	RMSD(LF):   0.317	encoding: QAMPXTQ
Time:   8268.000	RMSD(LF):   0.359	encoding: QGAKXRD
Time:   8270.000	RMSD(LF):   0.305	encoding: MCLPXTA
Time:   8272.000	RMSD(LF):   0.350	encoding: ELMPWNJ
Time:   8274.000	RMSD(LF):   0.302	encoding: MCLPXRD
Time:   8276.000	RMSD(LF):   0.346	encoding: QGMPXSM
Time:   8278.000	RMSD(LF):   0.308	encoding: EJMPXTM
Time:   8280.000	RMSD(LF):   0.384	encoding: MDMPXRE
Time:   8282.000	RMSD(LF):   0.273	encoding: EGMPXNG
Time:   8284.000	RMSD(LF):   0.317	encoding: MLMYYRC
Time:   8286.000	RMSD(LF):   0.354	encoding: MEEKXTM
Time:   8288.000	RMSD(LF):   0.301	encoding: MCLPXTL
Time:   8290.000	RMSD(LF):   0.243	encoding: EGMPWNA
Time:   8292.000	RMSD(LF):   0.352	encoding: EDLYXSD
Time:   8294.000	RMSD(LF):   0.330	encoding: EGLPXRD
Time:   8296.000	RMSD(LF):   0.346	encoding: QBGPXTE
Time:   8298.000	RMSD(LF):   0.431	encoding: QIAKXRI
Time:   8300.000	RMSD(LF):   0.345	encoding: QMMPWTE
Time:   8302.000	RMSD(LF):   0.344	encoding: EIMYXRI
Time:   8304.000	RMSD(LF):   0.344	encoding: MAMYYSE
Time:   8306.000	RMSD(LF):   0.281	encoding: MMMPWNB
Time:   8308.000	RMSD(LF):   0.272	encoding: ECMPXSL
Time:   8310.000	RMSD(LF):   0.297	encoding: BGMPXRA
Time:   8312.000	RMSD(LF):   0.319	encoding: QBGPXSE
Time:   8314.000	RMSD(LF):   0.342	encoding: QGLPWTC
Time:   8316.000	RMSD(LF):   0.300	encoding: MLMYXRC
Time:   8318.000	RMSD(LF):   0.277	encoding: QIMYYRL
Time:   8320.000	RMSD(LF):   0.337	encoding: MCLYXSC
Time:   8322.000	RMSD(LF):   0.281	encoding: ELMPXNG
Time:   8324.000	RMSD(LF):   0.340	encoding: EGMPXSC
Time:   8326.000	RMSD(LF):   0.300	encoding: QCMPXTA
Time:   8328.000	RMSD(LF):   0.319	encoding: QAMPXRE
Time:   8330.000	RMSD(LF):   0.356	encoding: QMMKYSE
Time:   8332.000	RMSD(LF):   0.292	encoding: QGGPXRA
Time:   8334.000	RMSD(LF):   0.310	encoding: MCMYXRA
Time:   8336.000	RMSD(LF):   0.287	encoding: ELMPXNG
Time:   8338.000	RMSD(LF):   0.243	encoding: MLMKXNA
Time:   8340.000	RMSD(LF):   0.332	encoding: ECMPXNG
Time:   8342.000	RMSD(LF):   0.286	encoding: EILYXRC
Time:   8344.000	RMSD(LF):   0.313	encoding: QAMPXTM
Time:   8346.000	RMSD(LF):   0.340	encoding: EHMPXRI
Time:   8348.000	RMSD(LF):   0.268	encoding: QAMPWTA
Time:   8350.000	RMSD(LF):   0.287	encoding: EMMPXTA
Time:   8352.000	RMSD(LF):   0.352	encoding: QMMPWTL
Time:   8354.000	RMSD(LF):   0.303	encoding: ECMPXRA
Time:   8356.000	RMSD(LF):   0.267	encoding: ECMPXNA
Time:   8358.000	RMSD(LF):   0.325	encoding: MLMPXNG
Time:   8360.000	RMSD(LF):   0.377	encoding: MLMKXNG
Time:   8362.000	RMSD(LF):   0.311	encoding: QAAPXNB
Time:   8364.000	RMSD(LF):   0.322	encoding: EJLYXSL
Time:   8366.000	RMSD(LF):   0.347	encoding: EBLPWTE
Time:   8368.000	RMSD(LF):   0.257	encoding: EGLPXRG
Time:   8370.000	RMSD(LF):   0.304	encoding: EGMPXTM
Time:   8372.000	RMSD(LF):   0.200	encoding: EGMPXTM
Time:   8374.000	RMSD(LF):   0.266	encoding: MAMPXTE
Time:   8376.000	RMSD(LF):   0.291	encoding: EFLPWNI
Time:   8378.000	RMSD(LF):   0.294	encoding: EALYYRD
Time:   8380.000	RMSD(LF):   0.327	encoding: QGLYXSD
Time:   8382.000	RMSD(LF):   0.339	encoding: MCLYYSE
Time:   8384.000	RMSD(LF):   0.274	encoding: EGMPXNB
Time:   8386.000	RMSD(LF):   0.255	encoding: MOMPWNG
Time:   8388.000	RMSD(LF):   0.366	encoding: QIMPXRI
Time:   8390.000	RMSD(LF):   0.305	encoding: QAMPXTE
Time:   8392.000	RMSD(LF):   0.393	encoding: EFAYXNI
Time:   8394.000	RMSD(LF):   0.224	encoding: MMMPWTM
Time:   8396.000	RMSD(LF):   0.273	encoding: EAMPWVM
Time:   8398.000	RMSD(LF):   0.226	encoding: EIMPXNI
Time:   8400.000	RMSD(LF):   0.286	encoding: MLMPXTM
