Time:   3200.000	RMSD(LF):   0.290	encoding: XNJQYTC
Time:   3202.000	RMSD(LF):   0.343	encoding: XTDEXNH
Time:   3204.000	RMSD(LF):   0.294	encoding: XRLMYNK
Time:   3206.000	RMSD(LF):   0.315	encoding: XSLQYWD
Time:   3208.000	RMSD(LF):   0.375	encoding: XRJQKTC
Time:   3210.000	RMSD(LF):   0.301	encoding: XTMQYTF
Time:   3212.000	RMSD(LF):   0.325	encoding: WSDAYNK
Time:   3214.000	RMSD(LF):   0.266	encoding: WRCMYTK
Time:   3216.000	RMSD(LF):   0.330	encoding: XTMMYTF
Time:   3218.000	RMSD(LF):   0.241	encoding: XTMMYTO
Time:   3220.000	RMSD(LF):   0.307	encoding: XTLLYTH
Time:   3222.000	RMSD(LF):   0.319	encoding: XSMMYTK
Time:   3224.000	RMSD(LF):   0.350	encoding: XSJQYNJ
Time:   3226.000	RMSD(LF):   0.314	encoding: XNJMYTO
Time:   3228.000	RMSD(LF):   0.355	encoding: XNJQYNC
Time:   3230.000	RMSD(LF):   0.365	encoding: XTMQYVD
Time:   3232.000	RMSD(LF):   0.301	encoding: XRALYTF
Time:   3234.000	RMSD(LF):   0.315	encoding: XTMLYNK
Time:   3236.000	RMSD(LF):   0.378	encoding: XTMEYNF
Time:   3238.000	RMSD(LF):   0.398	encoding: XRKQPTJ
Time:   3240.000	RMSD(LF):   0.280	encoding: WREMYTO
Time:   3242.000	RMSD(LF):   0.306	encoding: YSLMYTF
Time:   3244.000	RMSD(LF):   0.321	encoding: XSLMYNH
Time:   3246.000	RMSD(LF):   0.397	encoding: XSMMYNF
Time:   3248.000	RMSD(LF):   0.283	encoding: XSMQYNJ
Time:   3250.000	RMSD(LF):   0.286	encoding: XRLQYTC
Time:   3252.000	RMSD(LF):   0.342	encoding: XRJQYVL
Time:   3254.000	RMSD(LF):   0.365	encoding: XRIMYNK
Time:   3256.000	RMSD(LF):   0.320	encoding: XTMQYVC
Time:   3258.000	RMSD(LF):   0.403	encoding: XRJQYTC
Time:   3260.000	RMSD(LF):   0.292	encoding: XSMQYVO
Time:   3262.000	RMSD(LF):   0.226	encoding: XNCMYTO
Time:   3264.000	RMSD(LF):   0.316	encoding: XTMCYTK
Time:   3266.000	RMSD(LF):   0.304	encoding: XTLLYNH
Time:   3268.000	RMSD(LF):   0.311	encoding: XSMMYVO
Time:   3270.000	RMSD(LF):   0.301	encoding: XSLMYTF
Time:   3272.000	RMSD(LF):   0.290	encoding: XSAMYTK
Time:   3274.000	RMSD(LF):   0.300	encoding: XSMMYTF
Time:   3276.000	RMSD(LF):   0.344	encoding: WTLQYVD
Time:   3278.000	RMSD(LF):   0.328	encoding: XSLQYTC
Time:   3280.000	RMSD(LF):   0.280	encoding: YSLQYTL
Time:   3282.000	RMSD(LF):   0.258	encoding: XTMLYTH
Time:   3284.000	RMSD(LF):   0.317	encoding: XRLLYTH
Time:   3286.000	RMSD(LF):   0.378	encoding: XRJQYTF
Time:   3288.000	RMSD(LF):   0.337	encoding: XNKMYTF
Time:   3290.000	RMSD(LF):   0.385	encoding: XRFQYTF
Time:   3292.000	RMSD(LF):   0.324	encoding: XRJQYVC
Time:   3294.000	RMSD(LF):   0.310	encoding: XTMMYTC
Time:   3296.000	RMSD(LF):   0.333	encoding: XRLQYTF
Time:   3298.000	RMSD(LF):   0.313	encoding: XRLQYWD
Time:   3300.000	RMSD(LF):   0.347	encoding: XRCQYNI
Time:   3302.000	RMSD(LF):   0.296	encoding: WTCLYTK
Time:   3304.000	RMSD(LF):   0.315	encoding: XTLMYNK
Time:   3306.000	RMSD(LF):   0.323	encoding: XRMQYTJ
Time:   3308.000	RMSD(LF):   0.315	encoding: XNIQXWC
Time:   3310.000	RMSD(LF):   0.328	encoding: XNIMYTJ
Time:   3312.000	RMSD(LF):   0.337	encoding: XSMRYTC
Time:   3314.000	RMSD(LF):   0.297	encoding: XRLQYVL
Time:   3316.000	RMSD(LF):   0.321	encoding: XSLMYTC
Time:   3318.000	RMSD(LF):   0.280	encoding: XTMMYTK
Time:   3320.000	RMSD(LF):   0.296	encoding: XSMQYTF
Time:   3322.000	RMSD(LF):   0.268	encoding: XRLQYTL
Time:   3324.000	RMSD(LF):   0.261	encoding: XTCMYTC
Time:   3326.000	RMSD(LF):   0.331	encoding: XTLQYTF
Time:   3328.000	RMSD(LF):   0.368	encoding: XNJQYTO
Time:   3330.000	RMSD(LF):   0.356	encoding: YQJQYVC
Time:   3332.000	RMSD(LF):   0.330	encoding: YRJQYTC
Time:   3334.000	RMSD(LF):   0.353	encoding: XNJQYVF
Time:   3336.000	RMSD(LF):   0.386	encoding: XRJQXWJ
Time:   3338.000	RMSD(LF):   0.387	encoding: YRJQYTO
Time:   3340.000	RMSD(LF):   0.273	encoding: XTLLYTF
Time:   3342.000	RMSD(LF):   0.344	encoding: XSMQYNF
Time:   3344.000	RMSD(LF):   0.341	encoding: XRMRYVC
Time:   3346.000	RMSD(LF):   0.292	encoding: XRCRYVL
Time:   3348.000	RMSD(LF):   0.323	encoding: XRLMYTC
Time:   3350.000	RMSD(LF):   0.317	encoding: XTMQYVF
Time:   3352.000	RMSD(LF):   0.325	encoding: YRCMYNH
Time:   3354.000	RMSD(LF):   0.375	encoding: XRCMYRC
Time:   3356.000	RMSD(LF):   0.353	encoding: XRLQYVD
Time:   3358.000	RMSD(LF):   0.326	encoding: XRJQYTC
Time:   3360.000	RMSD(LF):   0.316	encoding: XTMQYTF
Time:   3362.000	RMSD(LF):   0.332	encoding: XTCLYSC
Time:   3364.000	RMSD(LF):   0.346	encoding: XTLMYTC
Time:   3366.000	RMSD(LF):   0.302	encoding: XSLMYTC
Time:   3368.000	RMSD(LF):   0.289	encoding: XSMMYNH
Time:   3370.000	RMSD(LF):   0.362	encoding: XSMQYVC
Time:   3372.000	RMSD(LF):   0.256	encoding: XRMMYNH
Time:   3374.000	RMSD(LF):   0.302	encoding: XTELYTH
Time:   3376.000	RMSD(LF):   0.334	encoding: XRLQYVL
Time:   3378.000	RMSD(LF):   0.323	encoding: XTLQYTF
Time:   3380.000	RMSD(LF):   0.271	encoding: XSMMYTF
Time:   3382.000	RMSD(LF):   0.367	encoding: XSAMYTJ
Time:   3384.000	RMSD(LF):   0.324	encoding: WRJMYTJ
Time:   3386.000	RMSD(LF):   0.347	encoding: XMMRYTJ
Time:   3388.000	RMSD(LF):   0.270	encoding: XMCQYNH
Time:   3390.000	RMSD(LF):   0.311	encoding: XQMRYTC
Time:   3392.000	RMSD(LF):   0.296	encoding: WQMQYNJ
Time:   3394.000	RMSD(LF):   0.293	encoding: XQLMYWF
Time:   3396.000	RMSD(LF):   0.327	encoding: WQLMYNF
Time:   3398.000	RMSD(LF):   0.352	encoding: XQMQYNI
Time:   3400.000	RMSD(LF):   0.294	encoding: XQMSPTO
