AJMPXRL
ECMOXVL
ECMPXNG
QMMPUNB
EGLPXRI
MLMPXRC
MMMPXTE
MDLPXTM
EILYXSL
QALPXTA
EAAPXNB
EGMPXRG
MJLPXNC
EGLPXTA
MLMPXRL
EGLPWNA
QCMPXTM
EGMPXTL
MCMPXSM
MCMYXSL
MAMKXTM
MMMYXSM
MCLPXND
QMMPWTM
AJMPXNI
MAMPXTE
EIMYXRC
MCLPXSA
EILPXRI
QGLPXNB
QGMPXNG
MCMPXRL
MCMPXTM
MAMPWNG
EJLYXRI
MLMPXTA
MMMPXTE
MCLPXSC
MCMYYSM
QMMPXTM
EILPWTA
EGMPXNG
MJMYXRI
MCLPXTM
MLMPXTM
MCMPWSL
MMMPXRA
ALMPXRG
ECMPXRG
MLMPXTM
EJMPXNI
EAMPXNA
EGMKWTM
QMMPXTA
MAAYXRC
MAMYYRA
MLMPXNM
MCLPXTM
EJMYWRC
MLMPWNA
QAMPXTA
ALMPWNG
EGMPXNA
MCLYYSA
QAMPXRA
MAMPXRA
MCLYXRL
QLMPXTL
MCMPXSM
QDGKXRG
MMQOXVM
MJMPXRC
MLMPXTM
QCLPXSL
QMMPXTA
MMMPXRA
EGMPXRA
QALPWRA
MLMPXTC
MCMYXRC
EGMPXND
MLMPXTM
QDJPWNA
QGAKXRL
QAGPXTB
QGLPXRA
MJMKXNI
ECMPXNG
EAMPXSA
QMLPXND
QMLYXSE
EILYXRI
LMLPXTD
QIMPXNG
BDMYXRC
QLMOWNG
ECMPXRL
MLMPXTM
MDMPXTM
MCLYXRB
QMMHXNM
