Time:   2000.000	RMSD(LF):   0.293	encoding: TMMSYTL
Time:   2002.000	RMSD(LF):   0.294	encoding: TMMSYTL
Time:   2004.000	RMSD(LF):   0.248	encoding: TMMSYRL
Time:   2006.000	RMSD(LF):   0.268	encoding: WMMSYTC
Time:   2008.000	RMSD(LF):   0.279	encoding: TLMSYTL
Time:   2010.000	RMSD(LF):   0.376	encoding: NMMSYTC
Time:   2012.000	RMSD(LF):   0.276	encoding: TMMSYSL
Time:   2014.000	RMSD(LF):   0.327	encoding: TMMRYTO
Time:   2016.000	RMSD(LF):   0.254	encoding: WMMSYTL
Time:   2018.000	RMSD(LF):   0.312	encoding: RMMSYTL
Time:   2020.000	RMSD(LF):   0.257	encoding: TMMSYSL
Time:   2022.000	RMSD(LF):   0.293	encoding: NLCSPRF
Time:   2024.000	RMSD(LF):   0.312	encoding: WEIQYWJ
Time:   2026.000	RMSD(LF):   0.306	encoding: RMLQYTF
Time:   2028.000	RMSD(LF):   0.313	encoding: WEIQYWF
Time:   2030.000	RMSD(LF):   0.245	encoding: XSMMYTH
Time:   2032.000	RMSD(LF):   0.283	encoding: XTMMYTO
Time:   2034.000	RMSD(LF):   0.322	encoding: WTLCYNK
Time:   2036.000	RMSD(LF):   0.301	encoding: XQMQYTK
Time:   2038.000	RMSD(LF):   0.315	encoding: XMMMYNH
Time:   2040.000	RMSD(LF):   0.321	encoding: XTAMYNH
Time:   2042.000	RMSD(LF):   0.345	encoding: XSLQYNJ
Time:   2044.000	RMSD(LF):   0.218	encoding: XQMMYNF
Time:   2046.000	RMSD(LF):   0.287	encoding: WQMQYNF
Time:   2048.000	RMSD(LF):   0.259	encoding: XSMQYTO
Time:   2050.000	RMSD(LF):   0.305	encoding: XRCMYVO
Time:   2052.000	RMSD(LF):   0.270	encoding: XRCMYNH
Time:   2054.000	RMSD(LF):   0.304	encoding: XTMMYTF
Time:   2056.000	RMSD(LF):   0.309	encoding: XSMMYNF
Time:   2058.000	RMSD(LF):   0.357	encoding: XSLMYTK
Time:   2060.000	RMSD(LF):   0.281	encoding: XTMLYTH
Time:   2062.000	RMSD(LF):   0.333	encoding: XRJMYTF
Time:   2064.000	RMSD(LF):   0.268	encoding: XSMMYTJ
Time:   2066.000	RMSD(LF):   0.315	encoding: XRCMYTJ
Time:   2068.000	RMSD(LF):   0.272	encoding: XSMMPTO
Time:   2070.000	RMSD(LF):   0.272	encoding: XRCMYWJ
Time:   2072.000	RMSD(LF):   0.391	encoding: XRAQXWC
Time:   2074.000	RMSD(LF):   0.402	encoding: XNIQYVF
Time:   2076.000	RMSD(LF):   0.322	encoding: XNJMYTF
Time:   2078.000	RMSD(LF):   0.296	encoding: XTMMYTO
Time:   2080.000	RMSD(LF):   0.312	encoding: XSMCYNH
Time:   2082.000	RMSD(LF):   0.361	encoding: XSCMYNF
Time:   2084.000	RMSD(LF):   0.249	encoding: XSMMYTF
Time:   2086.000	RMSD(LF):   0.357	encoding: XQAMYNI
Time:   2088.000	RMSD(LF):   0.311	encoding: XQMQYTF
Time:   2090.000	RMSD(LF):   0.328	encoding: XQAQYNJ
Time:   2092.000	RMSD(LF):   0.327	encoding: XSMSYTF
Time:   2094.000	RMSD(LF):   0.281	encoding: XQGMYNH
Time:   2096.000	RMSD(LF):   0.295	encoding: XQMQYWF
Time:   2098.000	RMSD(LF):   0.313	encoding: YMCMYNH
Time:   2100.000	RMSD(LF):   0.310	encoding: XQLQYNK
Time:   2102.000	RMSD(LF):   0.356	encoding: XTCMYTF
Time:   2104.000	RMSD(LF):   0.268	encoding: WNJQXNF
Time:   2106.000	RMSD(LF):   0.287	encoding: XTCLYNH
Time:   2108.000	RMSD(LF):   0.328	encoding: XTMMYTF
Time:   2110.000	RMSD(LF):   0.340	encoding: XRLQPVD
Time:   2112.000	RMSD(LF):   0.292	encoding: XRLQYTC
Time:   2114.000	RMSD(LF):   0.229	encoding: XRMMYVF
Time:   2116.000	RMSD(LF):   0.295	encoding: XSCMYNK
Time:   2118.000	RMSD(LF):   0.324	encoding: XSLMYTF
Time:   2120.000	RMSD(LF):   0.336	encoding: XRLQYVC
Time:   2122.000	RMSD(LF):   0.272	encoding: XTMMYTO
Time:   2124.000	RMSD(LF):   0.270	encoding: XTMMYTF
Time:   2126.000	RMSD(LF):   0.297	encoding: XSCLYVK
Time:   2128.000	RMSD(LF):   0.262	encoding: XTLMYTF
Time:   2130.000	RMSD(LF):   0.339	encoding: XTMLYTK
Time:   2132.000	RMSD(LF):   0.241	encoding: XSMLYNH
Time:   2134.000	RMSD(LF):   0.308	encoding: XSLMYTF
Time:   2136.000	RMSD(LF):   0.384	encoding: YRJQYTL
Time:   2138.000	RMSD(LF):   0.351	encoding: WNJMYTO
Time:   2140.000	RMSD(LF):   0.312	encoding: XTELYTH
Time:   2142.000	RMSD(LF):   0.308	encoding: XQMRYTC
Time:   2144.000	RMSD(LF):   0.269	encoding: WMLMYNI
Time:   2146.000	RMSD(LF):   0.341	encoding: SMMQYWJ
Time:   2148.000	RMSD(LF):   0.328	encoding: XQLQYNH
Time:   2150.000	RMSD(LF):   0.308	encoding: WQMMYWF
Time:   2152.000	RMSD(LF):   0.325	encoding: XTCMYNK
Time:   2154.000	RMSD(LF):   0.275	encoding: WTCLYTF
Time:   2156.000	RMSD(LF):   0.292	encoding: XRLMYNF
Time:   2158.000	RMSD(LF):   0.288	encoding: XSLLYTF
Time:   2160.000	RMSD(LF):   0.257	encoding: XTMMYTF
Time:   2162.000	RMSD(LF):   0.274	encoding: WSALYNH
Time:   2164.000	RMSD(LF):   0.330	encoding: XRLMYTC
Time:   2166.000	RMSD(LF):   0.361	encoding: XTCQYVC
Time:   2168.000	RMSD(LF):   0.312	encoding: XRJQYTL
Time:   2170.000	RMSD(LF):   0.334	encoding: XRJQYTL
Time:   2172.000	RMSD(LF):   0.273	encoding: XRCMYTO
Time:   2174.000	RMSD(LF):   0.326	encoding: XTCMYTK
Time:   2176.000	RMSD(LF):   0.281	encoding: XTMLYRH
Time:   2178.000	RMSD(LF):   0.282	encoding: XSMMYTO
Time:   2180.000	RMSD(LF):   0.407	encoding: XRHMYNH
Time:   2182.000	RMSD(LF):   0.339	encoding: XTMSYVC
Time:   2184.000	RMSD(LF):   0.328	encoding: XTCLYNH
Time:   2186.000	RMSD(LF):   0.278	encoding: XTMMYTJ
Time:   2188.000	RMSD(LF):   0.301	encoding: XTMQYTO
Time:   2190.000	RMSD(LF):   0.300	encoding: XTMLYNH
Time:   2192.000	RMSD(LF):   0.299	encoding: XTDLYTK
Time:   2194.000	RMSD(LF):   0.305	encoding: WTMMYTJ
Time:   2196.000	RMSD(LF):   0.331	encoding: XNIQYUO
Time:   2198.000	RMSD(LF):   0.273	encoding: WWCLYRH
Time:   2200.000	RMSD(LF):   0.351	encoding: XSMEYWF
