Time:    400.000	RMSD(LF):   0.195	encoding: XUUVUVN
Time:    402.000	RMSD(LF):   0.169	encoding: XUUUUWN
Time:    404.000	RMSD(LF):   0.178	encoding: WUUUUUN
Time:    406.000	RMSD(LF):   0.216	encoding: WUUUUUN
Time:    408.000	RMSD(LF):   0.156	encoding: UUUUUVN
Time:    410.000	RMSD(LF):   0.177	encoding: UUUUUWN
Time:    412.000	RMSD(LF):   0.151	encoding: UUUUUWN
Time:    414.000	RMSD(LF):   0.169	encoding: WUUUUWN
Time:    416.000	RMSD(LF):   0.147	encoding: UUUUUWN
Time:    418.000	RMSD(LF):   0.134	encoding: UUUUUWN
Time:    420.000	RMSD(LF):   0.219	encoding: VUUVUUW
Time:    422.000	RMSD(LF):   0.228	encoding: UUUUUWN
Time:    424.000	RMSD(LF):   0.129	encoding: XVUUUUN
Time:    426.000	RMSD(LF):   0.176	encoding: XUUUUUN
Time:    428.000	RMSD(LF):   0.141	encoding: XUUUUUN
Time:    430.000	RMSD(LF):   0.185	encoding: XUUUUWN
Time:    432.000	RMSD(LF):   0.178	encoding: WUUUUUN
Time:    434.000	RMSD(LF):   0.180	encoding: VUUUUUN
Time:    436.000	RMSD(LF):   0.154	encoding: WUUUVWN
Time:    438.000	RMSD(LF):   0.195	encoding: XUUUUUN
Time:    440.000	RMSD(LF):   0.193	encoding: UUUUUWN
Time:    442.000	RMSD(LF):   0.171	encoding: VUUUVUN
Time:    444.000	RMSD(LF):   0.160	encoding: VUUUUUN
Time:    446.000	RMSD(LF):   0.219	encoding: WXUUUWN
Time:    448.000	RMSD(LF):   0.212	encoding: VUUUUWW
Time:    450.000	RMSD(LF):   0.134	encoding: UUUUUUN
