Time:    350.000	RMSD(LF):   0.252	encoding: WUUVUWN
Time:    352.000	RMSD(LF):   0.190	encoding: UUUUUWN
Time:    354.000	RMSD(LF):   0.261	encoding: VUUUUWN
Time:    356.000	RMSD(LF):   0.313	encoding: VWVWTXT
Time:    358.000	RMSD(LF):   0.235	encoding: XUUUUNN
Time:    360.000	RMSD(LF):   0.189	encoding: UUUUUWN
Time:    362.000	RMSD(LF):   0.176	encoding: UUUUUWN
Time:    364.000	RMSD(LF):   0.232	encoding: TUUUUWN
Time:    366.000	RMSD(LF):   0.210	encoding: WUUUUWT
Time:    368.000	RMSD(LF):   0.214	encoding: UUUWUWN
Time:    370.000	RMSD(LF):   0.230	encoding: UUUUUWN
Time:    372.000	RMSD(LF):   0.172	encoding: XUUVUWN
Time:    374.000	RMSD(LF):   0.177	encoding: WUUUUWN
Time:    376.000	RMSD(LF):   0.181	encoding: XUUUUUN
Time:    378.000	RMSD(LF):   0.231	encoding: WUUVUWN
Time:    380.000	RMSD(LF):   0.169	encoding: XUUUUWN
Time:    382.000	RMSD(LF):   0.247	encoding: WUUUWWN
Time:    384.000	RMSD(LF):   0.240	encoding: WUUUWUN
Time:    386.000	RMSD(LF):   0.161	encoding: XUUUUWN
Time:    388.000	RMSD(LF):   0.236	encoding: XVUUUUN
Time:    390.000	RMSD(LF):   0.163	encoding: XUUUUUN
Time:    392.000	RMSD(LF):   0.157	encoding: XUUUUUN
Time:    394.000	RMSD(LF):   0.173	encoding: UUUUUWN
Time:    396.000	RMSD(LF):   0.141	encoding: XUUUUUN
Time:    398.000	RMSD(LF):   0.188	encoding: UUUUUUN
Time:    400.000	RMSD(LF):   0.195	encoding: XUUVUVN
