Time:   4600.000	RMSD(LF):   0.294	encoding: XTLLYNK
Time:   4602.000	RMSD(LF):   0.289	encoding: XTLLYTH
Time:   4604.000	RMSD(LF):   0.293	encoding: XTMMYTO
Time:   4606.000	RMSD(LF):   0.329	encoding: YSLMYSC
Time:   4608.000	RMSD(LF):   0.346	encoding: XRLMYTD
Time:   4610.000	RMSD(LF):   0.342	encoding: XTEGYTF
Time:   4612.000	RMSD(LF):   0.288	encoding: XRLLYNK
Time:   4614.000	RMSD(LF):   0.328	encoding: XSLMYTF
Time:   4616.000	RMSD(LF):   0.286	encoding: XTMMYTF
Time:   4618.000	RMSD(LF):   0.264	encoding: XTMMYTO
Time:   4620.000	RMSD(LF):   0.354	encoding: XTLMYTF
Time:   4622.000	RMSD(LF):   0.392	encoding: XQMTYTO
Time:   4624.000	RMSD(LF):   0.294	encoding: XRMSYTO
Time:   4626.000	RMSD(LF):   0.303	encoding: XQMMYNI
Time:   4628.000	RMSD(LF):   0.293	encoding: XSMMYTF
Time:   4630.000	RMSD(LF):   0.321	encoding: XRIMYTJ
Time:   4632.000	RMSD(LF):   0.329	encoding: XSLQYVL
Time:   4634.000	RMSD(LF):   0.388	encoding: XRJQYNF
Time:   4636.000	RMSD(LF):   0.305	encoding: XRLQYTO
Time:   4638.000	RMSD(LF):   0.283	encoding: XSMLYTF
Time:   4640.000	RMSD(LF):   0.312	encoding: XTMMYNF
Time:   4642.000	RMSD(LF):   0.292	encoding: XSMMYTJ
Time:   4644.000	RMSD(LF):   0.298	encoding: XTMQYTF
Time:   4646.000	RMSD(LF):   0.298	encoding: XTCLYNH
Time:   4648.000	RMSD(LF):   0.270	encoding: XSMMYTF
Time:   4650.000	RMSD(LF):   0.321	encoding: XTMLYTH
Time:   4652.000	RMSD(LF):   0.268	encoding: XTCLYNK
Time:   4654.000	RMSD(LF):   0.286	encoding: XSEJYTH
Time:   4656.000	RMSD(LF):   0.326	encoding: YRCMYTL
Time:   4658.000	RMSD(LF):   0.352	encoding: XTLMYTD
Time:   4660.000	RMSD(LF):   0.329	encoding: XRCMYTJ
Time:   4662.000	RMSD(LF):   0.315	encoding: XRLQYTC
Time:   4664.000	RMSD(LF):   0.342	encoding: YRCQYVC
Time:   4666.000	RMSD(LF):   0.300	encoding: XSLMYNH
Time:   4668.000	RMSD(LF):   0.287	encoding: XTLMYTO
Time:   4670.000	RMSD(LF):   0.332	encoding: XTMRXVC
Time:   4672.000	RMSD(LF):   0.302	encoding: XRMMYTH
Time:   4674.000	RMSD(LF):   0.258	encoding: XTCLYTF
Time:   4676.000	RMSD(LF):   0.291	encoding: XTMLYRH
Time:   4678.000	RMSD(LF):   0.305	encoding: XNJMYNH
Time:   4680.000	RMSD(LF):   0.313	encoding: XTCLYNH
Time:   4682.000	RMSD(LF):   0.219	encoding: XTMMYTO
Time:   4684.000	RMSD(LF):   0.250	encoding: XSMMYTP
Time:   4686.000	RMSD(LF):   0.371	encoding: XSMMYNH
Time:   4688.000	RMSD(LF):   0.275	encoding: XSMMYTO
Time:   4690.000	RMSD(LF):   0.310	encoding: XSLMYNH
Time:   4692.000	RMSD(LF):   0.294	encoding: XSLMYNH
Time:   4694.000	RMSD(LF):   0.275	encoding: XQLQYWH
Time:   4696.000	RMSD(LF):   0.296	encoding: XMMRYNF
Time:   4698.000	RMSD(LF):   0.300	encoding: XQJQYNH
Time:   4700.000	RMSD(LF):   0.334	encoding: XMMRYWJ
Time:   4702.000	RMSD(LF):   0.266	encoding: XTMLYTK
Time:   4704.000	RMSD(LF):   0.342	encoding: XNJQYTF
Time:   4706.000	RMSD(LF):   0.284	encoding: XTMLYNK
Time:   4708.000	RMSD(LF):   0.293	encoding: XTMQYVO
Time:   4710.000	RMSD(LF):   0.294	encoding: XTALYTJ
Time:   4712.000	RMSD(LF):   0.300	encoding: XRCMYTF
Time:   4714.000	RMSD(LF):   0.299	encoding: XSMQYTO
Time:   4716.000	RMSD(LF):   0.288	encoding: XTMMYTF
Time:   4718.000	RMSD(LF):   0.359	encoding: XRAQYVC
Time:   4720.000	RMSD(LF):   0.281	encoding: XVMCYTF
Time:   4722.000	RMSD(LF):   0.307	encoding: XSMMYTC
Time:   4724.000	RMSD(LF):   0.345	encoding: XRJQYTO
Time:   4726.000	RMSD(LF):   0.325	encoding: XRJQYVL
Time:   4728.000	RMSD(LF):   0.359	encoding: XSCQYWC
Time:   4730.000	RMSD(LF):   0.314	encoding: XRCQYTO
Time:   4732.000	RMSD(LF):   0.354	encoding: XRAQYWF
Time:   4734.000	RMSD(LF):   0.306	encoding: XSMQYVL
Time:   4736.000	RMSD(LF):   0.321	encoding: WTLQYWC
Time:   4738.000	RMSD(LF):   0.284	encoding: XSLQYTL
Time:   4740.000	RMSD(LF):   0.304	encoding: XSLMYTF
Time:   4742.000	RMSD(LF):   0.301	encoding: XTCMYTK
Time:   4744.000	RMSD(LF):   0.306	encoding: XTMMYTO
Time:   4746.000	RMSD(LF):   0.305	encoding: XSCJYNH
Time:   4748.000	RMSD(LF):   0.348	encoding: XTLQYVO
Time:   4750.000	RMSD(LF):   0.310	encoding: XTAMYTF
Time:   4752.000	RMSD(LF):   0.334	encoding: XSCMYTH
Time:   4754.000	RMSD(LF):   0.287	encoding: XSCMYTJ
Time:   4756.000	RMSD(LF):   0.276	encoding: XTLLYTO
Time:   4758.000	RMSD(LF):   0.318	encoding: XSLLYTH
Time:   4760.000	RMSD(LF):   0.311	encoding: XTMQYVC
Time:   4762.000	RMSD(LF):   0.384	encoding: XTMMYNF
Time:   4764.000	RMSD(LF):   0.317	encoding: XTMMYTF
Time:   4766.000	RMSD(LF):   0.305	encoding: XTMQYTC
Time:   4768.000	RMSD(LF):   0.313	encoding: XTLMYTC
Time:   4770.000	RMSD(LF):   0.318	encoding: WTLQYNF
Time:   4772.000	RMSD(LF):   0.360	encoding: XRJQYTL
Time:   4774.000	RMSD(LF):   0.339	encoding: XRJQYND
Time:   4776.000	RMSD(LF):   0.310	encoding: XSLQYTC
Time:   4778.000	RMSD(LF):   0.249	encoding: XSCMYTO
Time:   4780.000	RMSD(LF):   0.332	encoding: XSCMYTH
Time:   4782.000	RMSD(LF):   0.339	encoding: XTMAYTK
Time:   4784.000	RMSD(LF):   0.325	encoding: WSCMYTF
Time:   4786.000	RMSD(LF):   0.264	encoding: YSLMYTF
Time:   4788.000	RMSD(LF):   0.295	encoding: WRMMYTF
Time:   4790.000	RMSD(LF):   0.285	encoding: XTMLYTH
Time:   4792.000	RMSD(LF):   0.323	encoding: XSMMYTJ
Time:   4794.000	RMSD(LF):   0.366	encoding: XTCMYTF
Time:   4796.000	RMSD(LF):   0.277	encoding: XSMMYTO
Time:   4798.000	RMSD(LF):   0.293	encoding: XSMMYNH
Time:   4800.000	RMSD(LF):   0.321	encoding: XSLMYTK
