XSLMYTK
XSMMYNH
XSMMYSO
XRJQYVJ
XTMQYTC
XTACYTF
XSMLYTH
XQAMYWF
XTLMYTO
XRLMYTC
XRLMYTJ
XSMMYTH
XSLQYUD
XRBAYNH
XTLMYTC
XTMQYTC
XSLMYTO
XSAMYTJ
XRMMYTF
XSCMYTK
XTMLYTH
XRLMYNH
XSLMYNK
WRMMYTF
XTLMYTK
XSCLYNF
XRCMYNH
XRMLYNH
XTMMYTC
XTCLYTH
XTMLYTH
XTQMYTO
XRCMYTJ
YSCMYTJ
XTMMYTO
WTMLYTH
XTJMYNK
XRJQYTO
XRJQXNF
WNKQXWF
XRDGYTF
XTMMYTO
XTMQYTC
XRLMYTC
XSLQKUD
XRAMYTL
XRCMYTF
XTMQYSL
XTMMYTF
WQLQPTF
XQCMYWF
XQMQYTF
XMLQYNF
XSMMYNH
YQFQYWF
XSMRYSO
XRLRKUC
XRMMYNH
XRLQYWC
WSMRYTC
YSLQYTC
XRLQYTC
WRMLYTF
XSLMYTO
XQLMYNH
XQLMYWF
XRELYNH
XRJQYVC
XTLMYTO
XTMLYNH
XTMMYTF
XSLLYTF
XTEAPTH
XTAMYTL
XSLMYNK
XTMEYVO
XTLMYTC
XRJRKUC
WNHQYVC
XRMMYTF
XRLMYTO
XRJQYVC
XTMRYTF
WRKQYWC
XTMMYTO
XTCLYNH
WQMQYWF
XSLMYNK
XTMAYNK
XTLQYTK
WTMMYTK
XTMAYTK
XTCLYTO
XTMMYTJ
XTMMYRJ
XVMLYTJ
XTCLYNH
XTMEYVO
XTMQYTJ
XSCMYNH
XSMMYNH
