Time:   4800.000	RMSD(LF):   0.321	encoding: XSLMYTK
Time:   4802.000	RMSD(LF):   0.298	encoding: XSMMYNH
Time:   4804.000	RMSD(LF):   0.251	encoding: XSMMYSO
Time:   4806.000	RMSD(LF):   0.309	encoding: XRJQYVJ
Time:   4808.000	RMSD(LF):   0.300	encoding: XTMQYTC
Time:   4810.000	RMSD(LF):   0.285	encoding: XTACYTF
Time:   4812.000	RMSD(LF):   0.315	encoding: XSMLYTH
Time:   4814.000	RMSD(LF):   0.249	encoding: XQAMYWF
Time:   4816.000	RMSD(LF):   0.270	encoding: XTLMYTO
Time:   4818.000	RMSD(LF):   0.309	encoding: XRLMYTC
Time:   4820.000	RMSD(LF):   0.355	encoding: XRLMYTJ
Time:   4822.000	RMSD(LF):   0.299	encoding: XSMMYTH
Time:   4824.000	RMSD(LF):   0.381	encoding: XSLQYUD
Time:   4826.000	RMSD(LF):   0.338	encoding: XRBAYNH
Time:   4828.000	RMSD(LF):   0.325	encoding: XTLMYTC
Time:   4830.000	RMSD(LF):   0.301	encoding: XTMQYTC
Time:   4832.000	RMSD(LF):   0.293	encoding: XSLMYTO
Time:   4834.000	RMSD(LF):   0.333	encoding: XSAMYTJ
Time:   4836.000	RMSD(LF):   0.255	encoding: XRMMYTF
Time:   4838.000	RMSD(LF):   0.313	encoding: XSCMYTK
Time:   4840.000	RMSD(LF):   0.260	encoding: XTMLYTH
Time:   4842.000	RMSD(LF):   0.286	encoding: XRLMYNH
Time:   4844.000	RMSD(LF):   0.313	encoding: XSLMYNK
Time:   4846.000	RMSD(LF):   0.234	encoding: WRMMYTF
Time:   4848.000	RMSD(LF):   0.372	encoding: XTLMYTK
Time:   4850.000	RMSD(LF):   0.320	encoding: XSCLYNF
Time:   4852.000	RMSD(LF):   0.266	encoding: XRCMYNH
Time:   4854.000	RMSD(LF):   0.283	encoding: XRMLYNH
Time:   4856.000	RMSD(LF):   0.270	encoding: XTMMYTC
Time:   4858.000	RMSD(LF):   0.267	encoding: XTCLYTH
Time:   4860.000	RMSD(LF):   0.303	encoding: XTMLYTH
Time:   4862.000	RMSD(LF):   0.259	encoding: XTQMYTO
Time:   4864.000	RMSD(LF):   0.290	encoding: XRCMYTJ
Time:   4866.000	RMSD(LF):   0.296	encoding: YSCMYTJ
Time:   4868.000	RMSD(LF):   0.280	encoding: XTMMYTO
Time:   4870.000	RMSD(LF):   0.317	encoding: WTMLYTH
Time:   4872.000	RMSD(LF):   0.291	encoding: XTJMYNK
Time:   4874.000	RMSD(LF):   0.310	encoding: XRJQYTO
Time:   4876.000	RMSD(LF):   0.340	encoding: XRJQXNF
Time:   4878.000	RMSD(LF):   0.328	encoding: WNKQXWF
Time:   4880.000	RMSD(LF):   0.300	encoding: XRDGYTF
Time:   4882.000	RMSD(LF):   0.263	encoding: XTMMYTO
Time:   4884.000	RMSD(LF):   0.345	encoding: XTMQYTC
Time:   4886.000	RMSD(LF):   0.327	encoding: XRLMYTC
Time:   4888.000	RMSD(LF):   0.383	encoding: XSLQKUD
Time:   4890.000	RMSD(LF):   0.283	encoding: XRAMYTL
Time:   4892.000	RMSD(LF):   0.357	encoding: XRCMYTF
Time:   4894.000	RMSD(LF):   0.335	encoding: XTMQYSL
Time:   4896.000	RMSD(LF):   0.330	encoding: XTMMYTF
Time:   4898.000	RMSD(LF):   0.314	encoding: WQLQPTF
Time:   4900.000	RMSD(LF):   0.343	encoding: XQCMYWF
Time:   4902.000	RMSD(LF):   0.284	encoding: XQMQYTF
Time:   4904.000	RMSD(LF):   0.322	encoding: XMLQYNF
Time:   4906.000	RMSD(LF):   0.314	encoding: XSMMYNH
Time:   4908.000	RMSD(LF):   0.306	encoding: YQFQYWF
Time:   4910.000	RMSD(LF):   0.275	encoding: XSMRYSO
Time:   4912.000	RMSD(LF):   0.337	encoding: XRLRKUC
Time:   4914.000	RMSD(LF):   0.246	encoding: XRMMYNH
Time:   4916.000	RMSD(LF):   0.321	encoding: XRLQYWC
Time:   4918.000	RMSD(LF):   0.305	encoding: WSMRYTC
Time:   4920.000	RMSD(LF):   0.317	encoding: YSLQYTC
Time:   4922.000	RMSD(LF):   0.274	encoding: XRLQYTC
Time:   4924.000	RMSD(LF):   0.262	encoding: WRMLYTF
Time:   4926.000	RMSD(LF):   0.303	encoding: XSLMYTO
Time:   4928.000	RMSD(LF):   0.303	encoding: XQLMYNH
Time:   4930.000	RMSD(LF):   0.250	encoding: XQLMYWF
Time:   4932.000	RMSD(LF):   0.329	encoding: XRELYNH
Time:   4934.000	RMSD(LF):   0.372	encoding: XRJQYVC
Time:   4936.000	RMSD(LF):   0.312	encoding: XTLMYTO
Time:   4938.000	RMSD(LF):   0.297	encoding: XTMLYNH
Time:   4940.000	RMSD(LF):   0.288	encoding: XTMMYTF
Time:   4942.000	RMSD(LF):   0.317	encoding: XSLLYTF
Time:   4944.000	RMSD(LF):   0.422	encoding: XTEAPTH
Time:   4946.000	RMSD(LF):   0.253	encoding: XTAMYTL
Time:   4948.000	RMSD(LF):   0.341	encoding: XSLMYNK
Time:   4950.000	RMSD(LF):   0.308	encoding: XTMEYVO
Time:   4952.000	RMSD(LF):   0.316	encoding: XTLMYTC
Time:   4954.000	RMSD(LF):   0.390	encoding: XRJRKUC
Time:   4956.000	RMSD(LF):   0.396	encoding: WNHQYVC
Time:   4958.000	RMSD(LF):   0.291	encoding: XRMMYTF
Time:   4960.000	RMSD(LF):   0.260	encoding: XRLMYTO
Time:   4962.000	RMSD(LF):   0.431	encoding: XRJQYVC
Time:   4964.000	RMSD(LF):   0.278	encoding: XTMRYTF
Time:   4966.000	RMSD(LF):   0.373	encoding: WRKQYWC
Time:   4968.000	RMSD(LF):   0.270	encoding: XTMMYTO
Time:   4970.000	RMSD(LF):   0.301	encoding: XTCLYNH
Time:   4972.000	RMSD(LF):   0.262	encoding: WQMQYWF
Time:   4974.000	RMSD(LF):   0.304	encoding: XSLMYNK
Time:   4976.000	RMSD(LF):   0.332	encoding: XTMAYNK
Time:   4978.000	RMSD(LF):   0.361	encoding: XTLQYTK
Time:   4980.000	RMSD(LF):   0.277	encoding: WTMMYTK
Time:   4982.000	RMSD(LF):   0.323	encoding: XTMAYTK
Time:   4984.000	RMSD(LF):   0.239	encoding: XTCLYTO
Time:   4986.000	RMSD(LF):   0.271	encoding: XTMMYTJ
Time:   4988.000	RMSD(LF):   0.268	encoding: XTMMYRJ
Time:   4990.000	RMSD(LF):   0.247	encoding: XVMLYTJ
Time:   4992.000	RMSD(LF):   0.307	encoding: XTCLYNH
Time:   4994.000	RMSD(LF):   0.318	encoding: XTMEYVO
Time:   4996.000	RMSD(LF):   0.312	encoding: XTMQYTJ
Time:   4998.000	RMSD(LF):   0.286	encoding: XSCMYNH
Time:   5000.000	RMSD(LF):   0.266	encoding: XSMMYNH
