Time:    300.000	RMSD(LF):   0.216	encoding: VUUUUWN
Time:    302.000	RMSD(LF):   0.197	encoding: WUUUUWN
Time:    304.000	RMSD(LF):   0.209	encoding: VUUUUWN
Time:    306.000	RMSD(LF):   0.218	encoding: VUUUUWN
Time:    308.000	RMSD(LF):   0.229	encoding: UUWUUVN
Time:    310.000	RMSD(LF):   0.188	encoding: XUUUUWN
Time:    312.000	RMSD(LF):   0.229	encoding: WUUVUUN
Time:    314.000	RMSD(LF):   0.277	encoding: XVUUUUN
Time:    316.000	RMSD(LF):   0.177	encoding: XUUUUWH
Time:    318.000	RMSD(LF):   0.163	encoding: UUUUUWH
Time:    320.000	RMSD(LF):   0.217	encoding: UUUUUWH
Time:    322.000	RMSD(LF):   0.256	encoding: VUUUUWN
Time:    324.000	RMSD(LF):   0.178	encoding: UUUUVWN
Time:    326.000	RMSD(LF):   0.273	encoding: VXVUUWN
Time:    328.000	RMSD(LF):   0.207	encoding: UUUUVWN
Time:    330.000	RMSD(LF):   0.188	encoding: UUUVUWN
Time:    332.000	RMSD(LF):   0.155	encoding: UUUUUUN
Time:    334.000	RMSD(LF):   0.189	encoding: VUUUUUN
Time:    336.000	RMSD(LF):   0.170	encoding: UUUUUWN
Time:    338.000	RMSD(LF):   0.189	encoding: XUUUUWN
Time:    340.000	RMSD(LF):   0.171	encoding: WUUUUWW
Time:    342.000	RMSD(LF):   0.133	encoding: WUUUUUN
Time:    344.000	RMSD(LF):   0.157	encoding: WVUUUUN
Time:    346.000	RMSD(LF):   0.188	encoding: XUUUUWN
Time:    348.000	RMSD(LF):   0.134	encoding: XUUUUUN
Time:    350.000	RMSD(LF):   0.252	encoding: WUUVUWN
